mode: atomic
github.com/prologic/eris/irc/socket.go:25.39,31.2 1 0
github.com/prologic/eris/irc/socket.go:33.39,35.2 1 0
github.com/prologic/eris/irc/socket.go:37.31,41.19 3 0
github.com/prologic/eris/irc/socket.go:44.2,46.33 3 0
github.com/prologic/eris/irc/socket.go:41.19,43.3 1 0
github.com/prologic/eris/irc/socket.go:49.55,52.19 3 0
github.com/prologic/eris/irc/socket.go:57.2,57.28 1 0
github.com/prologic/eris/irc/socket.go:66.2,68.16 3 0
github.com/prologic/eris/irc/socket.go:71.2,71.8 1 0
github.com/prologic/eris/irc/socket.go:52.19,55.3 2 0
github.com/prologic/eris/irc/socket.go:57.28,59.21 2 0
github.com/prologic/eris/irc/socket.go:62.3,63.9 2 0
github.com/prologic/eris/irc/socket.go:59.21,60.12 1 0
github.com/prologic/eris/irc/socket.go:68.16,70.3 1 0
github.com/prologic/eris/irc/socket.go:74.54,77.19 3 0
github.com/prologic/eris/irc/socket.go:82.2,82.70 1 0
github.com/prologic/eris/irc/socket.go:86.2,86.70 1 0
github.com/prologic/eris/irc/socket.go:90.2,90.57 1 0
github.com/prologic/eris/irc/socket.go:94.2,95.8 2 0
github.com/prologic/eris/irc/socket.go:77.19,80.3 2 0
github.com/prologic/eris/irc/socket.go:82.70,84.3 1 0
github.com/prologic/eris/irc/socket.go:86.70,88.3 1 0
github.com/prologic/eris/irc/socket.go:90.57,92.3 1 0
github.com/prologic/eris/irc/socket.go:98.57,99.16 1 0
github.com/prologic/eris/irc/socket.go:105.2,105.14 1 0
github.com/prologic/eris/irc/socket.go:99.16,100.20 1 0
github.com/prologic/eris/irc/socket.go:103.3,103.14 1 0
github.com/prologic/eris/irc/socket.go:100.20,102.4 1 0
github.com/prologic/eris/irc/strings.go:20.31,22.2 1 0
github.com/prologic/eris/irc/strings.go:24.37,26.31 2 0
github.com/prologic/eris/irc/strings.go:29.2,29.14 1 0
github.com/prologic/eris/irc/strings.go:26.31,28.3 1 0
github.com/prologic/eris/irc/strings.go:34.35,36.2 1 0
github.com/prologic/eris/irc/strings.go:38.36,54.61 2 0
github.com/prologic/eris/irc/strings.go:58.2,58.25 1 0
github.com/prologic/eris/irc/strings.go:61.2,61.42 1 0
github.com/prologic/eris/irc/strings.go:54.61,56.3 1 0
github.com/prologic/eris/irc/strings.go:58.25,60.3 1 0
github.com/prologic/eris/irc/strings.go:66.34,68.2 1 0
github.com/prologic/eris/irc/strings.go:70.33,72.2 1 0
github.com/prologic/eris/irc/strings.go:75.30,77.2 1 0
github.com/prologic/eris/irc/strings.go:83.31,85.2 1 0
github.com/prologic/eris/irc/strings.go:87.34,89.2 1 0
github.com/prologic/eris/irc/strings.go:96.39,98.2 1 0
github.com/prologic/eris/irc/utils.go:8.33,11.2 2 0
github.com/prologic/eris/irc/whowas.go:22.43,26.2 1 0
github.com/prologic/eris/irc/whowas.go:28.48,39.28 5 0
github.com/prologic/eris/irc/whowas.go:39.28,41.3 1 0
github.com/prologic/eris/irc/whowas.go:44.68,48.34 4 0
github.com/prologic/eris/irc/whowas.go:57.2,57.16 1 0
github.com/prologic/eris/irc/whowas.go:48.34,49.34 1 0
github.com/prologic/eris/irc/whowas.go:52.3,53.35 2 0
github.com/prologic/eris/irc/whowas.go:49.34,50.12 1 0
github.com/prologic/eris/irc/whowas.go:53.35,54.9 1 0
github.com/prologic/eris/irc/whowas.go:60.45,64.15 4 0
github.com/prologic/eris/irc/whowas.go:67.2,67.14 1 0
github.com/prologic/eris/irc/whowas.go:64.15,66.3 1 0
github.com/prologic/eris/irc/whowas.go:71.47,73.12 2 0
github.com/prologic/eris/irc/whowas.go:87.2,87.11 1 0
github.com/prologic/eris/irc/whowas.go:73.12,77.29 4 0
github.com/prologic/eris/irc/whowas.go:80.3,82.20 3 0
github.com/prologic/eris/irc/whowas.go:77.29,79.4 1 0
github.com/prologic/eris/irc/whowas.go:82.20,85.4 2 0
github.com/prologic/eris/irc/channel.go:20.70,33.21 2 0
github.com/prologic/eris/irc/channel.go:39.2,41.16 2 0
github.com/prologic/eris/irc/channel.go:33.21,34.44 1 0
github.com/prologic/eris/irc/channel.go:34.44,36.4 1 0
github.com/prologic/eris/irc/channel.go:44.40,46.2 1 0
github.com/prologic/eris/irc/channel.go:48.47,51.2 2 0
github.com/prologic/eris/irc/channel.go:53.63,55.2 1 0
github.com/prologic/eris/irc/channel.go:57.56,63.73 6 0
github.com/prologic/eris/irc/channel.go:82.2,82.14 1 0
github.com/prologic/eris/irc/channel.go:63.73,64.20 1 0
github.com/prologic/eris/irc/channel.go:78.3,80.14 3 0
github.com/prologic/eris/irc/channel.go:64.20,65.34 1 0
github.com/prologic/eris/irc/channel.go:68.4,68.24 1 0
github.com/prologic/eris/irc/channel.go:65.34,67.5 1 0
github.com/prologic/eris/irc/channel.go:68.24,70.5 1 0
github.com/prologic/eris/irc/channel.go:71.9,72.34 1 0
github.com/prologic/eris/irc/channel.go:72.34,74.5 1 0
github.com/prologic/eris/irc/channel.go:74.10,74.31 1 0
github.com/prologic/eris/irc/channel.go:74.31,76.5 1 0
github.com/prologic/eris/irc/channel.go:85.35,87.2 1 0
github.com/prologic/eris/irc/channel.go:89.37,91.2 1 0
github.com/prologic/eris/irc/channel.go:93.41,95.2 1 0
github.com/prologic/eris/irc/channel.go:98.65,104.13 4 0
github.com/prologic/eris/irc/channel.go:107.2,107.19 1 0
github.com/prologic/eris/irc/channel.go:112.2,112.50 1 0
github.com/prologic/eris/irc/channel.go:117.2,121.13 2 0
github.com/prologic/eris/irc/channel.go:124.2,124.19 1 0
github.com/prologic/eris/irc/channel.go:128.2,128.8 1 0
github.com/prologic/eris/irc/channel.go:104.13,106.3 1 0
github.com/prologic/eris/irc/channel.go:107.19,109.3 1 0
github.com/prologic/eris/irc/channel.go:112.50,115.3 2 0
github.com/prologic/eris/irc/channel.go:121.13,123.3 1 0
github.com/prologic/eris/irc/channel.go:124.19,126.3 1 0
github.com/prologic/eris/irc/channel.go:131.39,134.2 1 0
github.com/prologic/eris/irc/channel.go:136.49,138.2 1 0
github.com/prologic/eris/irc/channel.go:140.56,141.33 1 0
github.com/prologic/eris/irc/channel.go:146.2,148.37 2 0
github.com/prologic/eris/irc/channel.go:153.2,153.43 1 0
github.com/prologic/eris/irc/channel.go:158.2,159.64 2 0
github.com/prologic/eris/irc/channel.go:164.2,167.60 1 0
github.com/prologic/eris/irc/channel.go:172.2,174.34 3 0
github.com/prologic/eris/irc/channel.go:179.2,180.69 2 0
github.com/prologic/eris/irc/channel.go:184.2,185.23 2 0
github.com/prologic/eris/irc/channel.go:141.33,144.3 1 0
github.com/prologic/eris/irc/channel.go:148.37,151.3 2 0
github.com/prologic/eris/irc/channel.go:153.43,156.3 2 0
github.com/prologic/eris/irc/channel.go:159.64,162.3 2 0
github.com/prologic/eris/irc/channel.go:167.60,170.3 2 0
github.com/prologic/eris/irc/channel.go:174.34,177.3 2 0
github.com/prologic/eris/irc/channel.go:180.69,183.3 2 0
github.com/prologic/eris/irc/channel.go:188.60,189.34 1 0
github.com/prologic/eris/irc/channel.go:194.2,195.69 2 0
github.com/prologic/eris/irc/channel.go:199.2,199.22 1 0
github.com/prologic/eris/irc/channel.go:189.34,192.3 2 0
github.com/prologic/eris/irc/channel.go:195.69,198.3 2 0
github.com/prologic/eris/irc/channel.go:202.50,203.72 1 0
github.com/prologic/eris/irc/channel.go:208.2,208.25 1 0
github.com/prologic/eris/irc/channel.go:213.2,213.26 1 0
github.com/prologic/eris/irc/channel.go:203.72,206.3 2 0
github.com/prologic/eris/irc/channel.go:208.25,211.3 2 0
github.com/prologic/eris/irc/channel.go:216.62,217.72 1 0
github.com/prologic/eris/irc/channel.go:222.2,222.73 1 0
github.com/prologic/eris/irc/channel.go:227.2,230.69 3 0
github.com/prologic/eris/irc/channel.go:217.72,220.3 2 0
github.com/prologic/eris/irc/channel.go:222.73,225.3 2 0
github.com/prologic/eris/irc/channel.go:230.69,233.3 2 0
github.com/prologic/eris/irc/channel.go:236.55,237.38 1 0
github.com/prologic/eris/irc/channel.go:240.2,240.66 1 0
github.com/prologic/eris/irc/channel.go:243.2,244.53 1 0
github.com/prologic/eris/irc/channel.go:247.2,247.64 1 0
github.com/prologic/eris/irc/channel.go:250.2,250.13 1 0
github.com/prologic/eris/irc/channel.go:237.38,239.3 1 0
github.com/prologic/eris/irc/channel.go:240.66,242.3 1 0
github.com/prologic/eris/irc/channel.go:244.53,246.3 1 0
github.com/prologic/eris/irc/channel.go:247.64,249.3 1 0
github.com/prologic/eris/irc/channel.go:253.63,254.31 1 0
github.com/prologic/eris/irc/channel.go:258.2,259.69 2 0
github.com/prologic/eris/irc/channel.go:254.31,257.3 2 0
github.com/prologic/eris/irc/channel.go:259.69,260.23 1 0
github.com/prologic/eris/irc/channel.go:263.3,265.14 3 0
github.com/prologic/eris/irc/channel.go:260.23,262.4 1 0
github.com/prologic/eris/irc/channel.go:270.18,271.39 1 0
github.com/prologic/eris/irc/channel.go:276.2,276.12 1 0
github.com/prologic/eris/irc/channel.go:291.2,291.14 1 0
github.com/prologic/eris/irc/channel.go:271.39,274.3 2 0
github.com/prologic/eris/irc/channel.go:277.11,278.30 1 0
github.com/prologic/eris/irc/channel.go:281.3,282.14 2 0
github.com/prologic/eris/irc/channel.go:284.14,285.31 1 0
github.com/prologic/eris/irc/channel.go:288.3,289.14 2 0
github.com/prologic/eris/irc/channel.go:278.30,280.4 1 0
github.com/prologic/eris/irc/channel.go:285.31,287.4 1 0
github.com/prologic/eris/irc/channel.go:295.29,296.39 1 0
github.com/prologic/eris/irc/channel.go:301.2,301.16 1 0
github.com/prologic/eris/irc/channel.go:306.2,307.19 2 0
github.com/prologic/eris/irc/channel.go:312.2,312.34 1 0
github.com/prologic/eris/irc/channel.go:317.2,317.12 1 0
github.com/prologic/eris/irc/channel.go:332.2,332.14 1 0
github.com/prologic/eris/irc/channel.go:296.39,299.3 2 0
github.com/prologic/eris/irc/channel.go:301.16,304.3 2 0
github.com/prologic/eris/irc/channel.go:307.19,310.3 2 0
github.com/prologic/eris/irc/channel.go:312.34,315.3 2 0
github.com/prologic/eris/irc/channel.go:318.11,319.44 1 0
github.com/prologic/eris/irc/channel.go:322.3,323.14 2 0
github.com/prologic/eris/irc/channel.go:325.14,326.45 1 0
github.com/prologic/eris/irc/channel.go:329.3,330.14 2 0
github.com/prologic/eris/irc/channel.go:319.44,321.4 1 0
github.com/prologic/eris/irc/channel.go:326.45,328.4 1 0
github.com/prologic/eris/irc/channel.go:335.72,336.47 1 0
github.com/prologic/eris/irc/channel.go:339.2,339.40 1 0
github.com/prologic/eris/irc/channel.go:336.47,338.3 1 0
github.com/prologic/eris/irc/channel.go:343.18,345.17 2 0
github.com/prologic/eris/irc/channel.go:350.2,350.34 1 0
github.com/prologic/eris/irc/channel.go:355.2,355.39 1 0
github.com/prologic/eris/irc/channel.go:360.2,360.15 1 0
github.com/prologic/eris/irc/channel.go:364.2,364.18 1 0
github.com/prologic/eris/irc/channel.go:368.2,368.14 1 0
github.com/prologic/eris/irc/channel.go:345.17,348.3 1 0
github.com/prologic/eris/irc/channel.go:350.34,353.3 2 0
github.com/prologic/eris/irc/channel.go:355.39,358.3 2 0
github.com/prologic/eris/irc/channel.go:360.15,362.3 1 0
github.com/prologic/eris/irc/channel.go:364.18,366.3 1 0
github.com/prologic/eris/irc/channel.go:371.83,372.21 1 0
github.com/prologic/eris/irc/channel.go:425.2,425.14 1 0
github.com/prologic/eris/irc/channel.go:373.39,375.24 1 0
github.com/prologic/eris/irc/channel.go:377.82,378.63 1 0
github.com/prologic/eris/irc/channel.go:380.11,381.40 1 0
github.com/prologic/eris/irc/channel.go:386.3,386.20 1 0
github.com/prologic/eris/irc/channel.go:405.17,407.17 2 0
github.com/prologic/eris/irc/channel.go:411.3,411.51 1 0
github.com/prologic/eris/irc/channel.go:415.3,416.14 2 0
github.com/prologic/eris/irc/channel.go:418.30,420.24 1 0
github.com/prologic/eris/irc/channel.go:422.10,423.46 1 0
github.com/prologic/eris/irc/channel.go:381.40,384.4 2 0
github.com/prologic/eris/irc/channel.go:387.12,388.24 1 0
github.com/prologic/eris/irc/channel.go:392.4,393.26 2 0
github.com/prologic/eris/irc/channel.go:397.4,398.15 2 0
github.com/prologic/eris/irc/channel.go:400.15,402.15 2 0
github.com/prologic/eris/irc/channel.go:388.24,391.5 2 0
github.com/prologic/eris/irc/channel.go:393.26,395.5 1 0
github.com/prologic/eris/irc/channel.go:407.17,410.4 2 0
github.com/prologic/eris/irc/channel.go:411.51,413.4 1 0
github.com/prologic/eris/irc/channel.go:428.74,429.23 1 0
github.com/prologic/eris/irc/channel.go:434.2,435.33 2 0
github.com/prologic/eris/irc/channel.go:441.2,441.22 1 0
github.com/prologic/eris/irc/channel.go:429.23,432.3 2 0
github.com/prologic/eris/irc/channel.go:435.33,436.40 1 0
github.com/prologic/eris/irc/channel.go:436.40,438.4 1 0
github.com/prologic/eris/irc/channel.go:441.22,443.70 2 0
github.com/prologic/eris/irc/channel.go:443.70,446.4 2 0
github.com/prologic/eris/irc/channel.go:450.62,451.31 1 0
github.com/prologic/eris/irc/channel.go:455.2,456.69 2 0
github.com/prologic/eris/irc/channel.go:451.31,454.3 2 0
github.com/prologic/eris/irc/channel.go:456.69,457.23 1 0
github.com/prologic/eris/irc/channel.go:460.3,462.14 3 0
github.com/prologic/eris/irc/channel.go:457.23,459.4 1 0
github.com/prologic/eris/irc/channel.go:466.46,472.23 2 0
github.com/prologic/eris/irc/channel.go:472.23,474.3 1 0
github.com/prologic/eris/irc/channel.go:477.76,478.72 1 0
github.com/prologic/eris/irc/channel.go:482.2,482.39 1 0
github.com/prologic/eris/irc/channel.go:486.2,486.34 1 0
github.com/prologic/eris/irc/channel.go:491.2,492.69 2 0
github.com/prologic/eris/irc/channel.go:496.2,496.22 1 0
github.com/prologic/eris/irc/channel.go:478.72,481.3 2 0
github.com/prologic/eris/irc/channel.go:482.39,485.3 2 0
github.com/prologic/eris/irc/channel.go:486.34,489.3 2 0
github.com/prologic/eris/irc/channel.go:492.69,495.3 2 0
github.com/prologic/eris/irc/channel.go:499.66,500.73 1 0
github.com/prologic/eris/irc/channel.go:505.2,505.73 1 0
github.com/prologic/eris/irc/channel.go:510.2,510.35 1 0
github.com/prologic/eris/irc/channel.go:514.2,516.25 3 0
github.com/prologic/eris/irc/channel.go:500.73,503.3 2 0
github.com/prologic/eris/irc/channel.go:505.73,508.3 2 0
github.com/prologic/eris/irc/channel.go:510.35,512.3 1 0
github.com/prologic/eris/irc/channel.go:516.25,518.3 1 0
github.com/prologic/eris/irc/metrics.go:33.44,40.2 1 1
github.com/prologic/eris/irc/metrics.go:43.79,60.2 7 1
github.com/prologic/eris/irc/metrics.go:63.105,81.2 7 1
github.com/prologic/eris/irc/metrics.go:84.75,101.2 7 1
github.com/prologic/eris/irc/metrics.go:104.101,122.2 7 1
github.com/prologic/eris/irc/metrics.go:125.99,143.2 7 1
github.com/prologic/eris/irc/metrics.go:146.79,164.2 7 0
github.com/prologic/eris/irc/metrics.go:167.103,186.2 7 0
github.com/prologic/eris/irc/metrics.go:189.70,192.2 2 1
github.com/prologic/eris/irc/metrics.go:195.66,200.2 4 1
github.com/prologic/eris/irc/metrics.go:203.73,208.2 4 1
github.com/prologic/eris/irc/metrics.go:211.70,216.2 4 0
github.com/prologic/eris/irc/metrics.go:219.77,224.2 4 0
github.com/prologic/eris/irc/metrics.go:227.42,229.2 1 1
github.com/prologic/eris/irc/metrics.go:232.36,236.2 3 0
github.com/prologic/eris/irc/net.go:8.35,11.16 3 0
github.com/prologic/eris/irc/net.go:14.2,14.21 1 0
github.com/prologic/eris/irc/net.go:11.16,13.3 1 0
github.com/prologic/eris/irc/net.go:17.45,19.2 1 0
github.com/prologic/eris/irc/net.go:21.37,23.16 2 0
github.com/prologic/eris/irc/net.go:27.2,28.23 2 0
github.com/prologic/eris/irc/net.go:23.16,25.3 1 0
github.com/prologic/eris/irc/net.go:33.35,35.70 1 13
github.com/prologic/eris/irc/net.go:40.2,40.48 1 10
github.com/prologic/eris/irc/net.go:47.2,47.64 1 8
github.com/prologic/eris/irc/net.go:53.2,53.13 1 7
github.com/prologic/eris/irc/net.go:35.70,37.3 1 3
github.com/prologic/eris/irc/net.go:40.48,41.102 1 28
github.com/prologic/eris/irc/net.go:41.102,43.4 1 2
github.com/prologic/eris/irc/net.go:47.64,48.52 1 99
github.com/prologic/eris/irc/net.go:48.52,50.4 1 1
github.com/prologic/eris/irc/nickname.go:8.50,10.24 2 0
github.com/prologic/eris/irc/nickname.go:16.2,16.22 1 0
github.com/prologic/eris/irc/nickname.go:21.2,21.38 1 0
github.com/prologic/eris/irc/nickname.go:26.2,26.30 1 0
github.com/prologic/eris/irc/nickname.go:31.2,32.23 2 0
github.com/prologic/eris/irc/nickname.go:10.24,14.3 3 0
github.com/prologic/eris/irc/nickname.go:16.22,19.3 2 0
github.com/prologic/eris/irc/nickname.go:21.38,24.3 2 0
github.com/prologic/eris/irc/nickname.go:26.30,29.3 2 0
github.com/prologic/eris/irc/nickname.go:35.54,38.24 2 0
github.com/prologic/eris/irc/nickname.go:43.2,43.32 1 0
github.com/prologic/eris/irc/nickname.go:48.2,48.33 1 0
github.com/prologic/eris/irc/nickname.go:52.2,53.43 2 0
github.com/prologic/eris/irc/nickname.go:58.2,58.37 1 0
github.com/prologic/eris/irc/nickname.go:38.24,41.3 2 0
github.com/prologic/eris/irc/nickname.go:43.32,46.3 2 0
github.com/prologic/eris/irc/nickname.go:48.33,50.3 1 0
github.com/prologic/eris/irc/nickname.go:53.43,56.3 2 0
github.com/prologic/eris/irc/nickname.go:67.58,70.29 2 0
github.com/prologic/eris/irc/nickname.go:75.2,75.28 1 0
github.com/prologic/eris/irc/nickname.go:80.2,80.29 1 0
github.com/prologic/eris/irc/nickname.go:84.2,85.19 2 0
github.com/prologic/eris/irc/nickname.go:90.2,90.41 1 0
github.com/prologic/eris/irc/nickname.go:95.2,95.33 1 0
github.com/prologic/eris/irc/nickname.go:70.29,73.3 2 0
github.com/prologic/eris/irc/nickname.go:75.28,78.3 2 0
github.com/prologic/eris/irc/nickname.go:80.29,82.3 1 0
github.com/prologic/eris/irc/nickname.go:85.19,88.3 2 0
github.com/prologic/eris/irc/nickname.go:90.41,93.3 2 0
github.com/prologic/eris/irc/sasl.go:19.32,21.2 1 0
github.com/prologic/eris/irc/sasl.go:23.29,31.2 6 0
github.com/prologic/eris/irc/sasl.go:33.36,38.2 3 0
github.com/prologic/eris/irc/sasl.go:40.29,45.2 3 0
github.com/prologic/eris/irc/sasl.go:47.46,52.2 3 0
github.com/prologic/eris/irc/sasl.go:54.30,59.2 3 0
github.com/prologic/eris/irc/sasl.go:61.37,66.2 3 0
github.com/prologic/eris/irc/sasl.go:68.43,77.2 6 0
github.com/prologic/eris/irc/sasl.go:79.33,84.2 3 0
github.com/prologic/eris/irc/reply.go:15.40,17.2 1 0
github.com/prologic/eris/irc/reply.go:21.41,23.2 1 0
github.com/prologic/eris/irc/reply.go:26.45,28.19 2 0
github.com/prologic/eris/irc/reply.go:33.2,34.19 2 0
github.com/prologic/eris/irc/reply.go:39.2,39.25 1 0
github.com/prologic/eris/irc/reply.go:28.19,30.3 1 0
github.com/prologic/eris/irc/reply.go:30.8,32.3 1 0
github.com/prologic/eris/irc/reply.go:34.19,36.3 1 0
github.com/prologic/eris/irc/reply.go:36.8,38.3 1 0
github.com/prologic/eris/irc/reply.go:43.45,46.19 3 0
github.com/prologic/eris/irc/reply.go:51.2,51.25 1 0
github.com/prologic/eris/irc/reply.go:46.19,48.3 1 0
github.com/prologic/eris/irc/reply.go:48.8,50.3 1 0
github.com/prologic/eris/irc/reply.go:55.38,57.2 1 0
github.com/prologic/eris/irc/reply.go:63.36,65.29 2 0
github.com/prologic/eris/irc/reply.go:68.2,68.10 1 0
github.com/prologic/eris/irc/reply.go:65.29,67.3 1 0
github.com/prologic/eris/irc/reply.go:72.23,74.39 2 0
github.com/prologic/eris/irc/reply.go:77.2,77.53 1 0
github.com/prologic/eris/irc/reply.go:80.2,81.22 2 0
github.com/prologic/eris/irc/reply.go:89.2,89.23 1 0
github.com/prologic/eris/irc/reply.go:74.39,76.3 1 0
github.com/prologic/eris/irc/reply.go:77.53,79.3 1 0
github.com/prologic/eris/irc/reply.go:81.22,82.51 1 0
github.com/prologic/eris/irc/reply.go:82.51,85.4 2 0
github.com/prologic/eris/irc/reply.go:85.9,87.4 1 0
github.com/prologic/eris/irc/reply.go:89.23,91.3 1 0
github.com/prologic/eris/irc/reply.go:98.80,100.2 1 0
github.com/prologic/eris/irc/reply.go:102.86,104.2 1 0
github.com/prologic/eris/irc/reply.go:106.79,108.2 1 0
github.com/prologic/eris/irc/reply.go:110.56,112.2 1 0
github.com/prologic/eris/irc/reply.go:114.55,116.2 1 0
github.com/prologic/eris/irc/reply.go:118.69,120.2 1 0
github.com/prologic/eris/irc/reply.go:122.81,124.2 1 0
github.com/prologic/eris/irc/reply.go:127.37,129.2 1 0
github.com/prologic/eris/irc/reply.go:131.64,133.2 1 0
github.com/prologic/eris/irc/reply.go:135.42,137.2 1 0
github.com/prologic/eris/irc/reply.go:139.47,142.2 1 0
github.com/prologic/eris/irc/reply.go:144.51,146.2 1 0
github.com/prologic/eris/irc/reply.go:148.38,150.2 1 0
github.com/prologic/eris/irc/reply.go:152.74,154.2 1 0
github.com/prologic/eris/irc/reply.go:156.85,159.2 1 0
github.com/prologic/eris/irc/reply.go:161.67,164.2 1 0
github.com/prologic/eris/irc/reply.go:166.79,171.2 1 0
github.com/prologic/eris/irc/reply.go:175.36,182.2 1 0
github.com/prologic/eris/irc/reply.go:184.37,191.2 1 0
github.com/prologic/eris/irc/reply.go:193.36,196.2 1 0
github.com/prologic/eris/irc/reply.go:198.35,207.2 1 0
github.com/prologic/eris/irc/reply.go:209.50,211.2 1 0
github.com/prologic/eris/irc/reply.go:213.52,216.2 1 0
github.com/prologic/eris/irc/reply.go:218.50,221.2 1 0
github.com/prologic/eris/irc/reply.go:225.69,228.2 1 0
github.com/prologic/eris/irc/reply.go:230.55,233.2 1 0
github.com/prologic/eris/irc/reply.go:236.38,239.2 1 0
github.com/prologic/eris/irc/reply.go:242.38,248.2 1 0
github.com/prologic/eris/irc/reply.go:250.48,252.28 2 0
github.com/prologic/eris/irc/reply.go:255.2,258.30 3 0
github.com/prologic/eris/irc/reply.go:261.2,263.30 3 0
github.com/prologic/eris/irc/reply.go:252.28,254.3 1 0
github.com/prologic/eris/irc/reply.go:258.30,260.3 1 0
github.com/prologic/eris/irc/reply.go:266.52,269.55 2 0
github.com/prologic/eris/irc/reply.go:275.2,282.3 1 0
github.com/prologic/eris/irc/reply.go:269.55,271.3 1 0
github.com/prologic/eris/irc/reply.go:271.8,273.3 1 0
github.com/prologic/eris/irc/reply.go:285.56,288.2 1 0
github.com/prologic/eris/irc/reply.go:290.54,296.2 1 0
github.com/prologic/eris/irc/reply.go:298.52,302.2 1 0
github.com/prologic/eris/irc/reply.go:304.56,305.28 1 0
github.com/prologic/eris/irc/reply.go:309.2,314.3 1 0
github.com/prologic/eris/irc/reply.go:305.28,307.3 1 0
github.com/prologic/eris/irc/reply.go:317.54,325.2 1 0
github.com/prologic/eris/irc/reply.go:327.53,333.2 1 0
github.com/prologic/eris/irc/reply.go:335.58,338.2 1 0
github.com/prologic/eris/irc/reply.go:342.69,345.55 2 0
github.com/prologic/eris/irc/reply.go:351.2,354.24 3 0
github.com/prologic/eris/irc/reply.go:359.2,359.28 1 0
github.com/prologic/eris/irc/reply.go:363.2,363.20 1 0
github.com/prologic/eris/irc/reply.go:380.2,391.3 1 0
github.com/prologic/eris/irc/reply.go:345.55,347.3 1 0
github.com/prologic/eris/irc/reply.go:347.8,349.3 1 0
github.com/prologic/eris/irc/reply.go:354.24,356.3 1 0
github.com/prologic/eris/irc/reply.go:356.8,358.3 1 0
github.com/prologic/eris/irc/reply.go:359.28,361.3 1 0
github.com/prologic/eris/irc/reply.go:363.20,365.39 2 0
github.com/prologic/eris/irc/reply.go:365.39,366.56 1 0
github.com/prologic/eris/irc/reply.go:369.4,369.46 1 0
github.com/prologic/eris/irc/reply.go:366.56,368.5 1 0
github.com/prologic/eris/irc/reply.go:369.46,371.5 1 0
github.com/prologic/eris/irc/reply.go:372.9,373.56 1 0
github.com/prologic/eris/irc/reply.go:373.56,375.5 1 0
github.com/prologic/eris/irc/reply.go:375.10,375.53 1 0
github.com/prologic/eris/irc/reply.go:375.53,377.5 1 0
github.com/prologic/eris/irc/reply.go:395.46,398.2 1 0
github.com/prologic/eris/irc/reply.go:400.82,401.14 1 0
github.com/prologic/eris/irc/reply.go:402.15,403.35 1 0
github.com/prologic/eris/irc/reply.go:405.18,406.38 1 0
github.com/prologic/eris/irc/reply.go:408.18,409.38 1 0
github.com/prologic/eris/irc/reply.go:413.76,414.14 1 0
github.com/prologic/eris/irc/reply.go:415.15,416.34 1 0
github.com/prologic/eris/irc/reply.go:418.18,419.37 1 0
github.com/prologic/eris/irc/reply.go:421.18,422.37 1 0
github.com/prologic/eris/irc/reply.go:426.63,429.2 1 0
github.com/prologic/eris/irc/reply.go:431.57,434.2 1 0
github.com/prologic/eris/irc/reply.go:436.66,439.2 1 0
github.com/prologic/eris/irc/reply.go:441.60,444.2 1 0
github.com/prologic/eris/irc/reply.go:446.66,449.2 1 0
github.com/prologic/eris/irc/reply.go:451.60,454.2 1 0
github.com/prologic/eris/irc/reply.go:456.36,459.2 1 0
github.com/prologic/eris/irc/reply.go:461.35,464.2 1 0
github.com/prologic/eris/irc/reply.go:466.47,469.2 1 0
github.com/prologic/eris/irc/reply.go:471.47,474.2 1 0
github.com/prologic/eris/irc/reply.go:476.38,479.2 1 0
github.com/prologic/eris/irc/reply.go:481.44,484.2 1 0
github.com/prologic/eris/irc/reply.go:486.36,489.2 1 0
github.com/prologic/eris/irc/reply.go:491.49,499.2 1 0
github.com/prologic/eris/irc/reply.go:501.50,504.2 1 0
github.com/prologic/eris/irc/reply.go:506.53,509.2 1 0
github.com/prologic/eris/irc/reply.go:511.56,518.2 1 0
github.com/prologic/eris/irc/reply.go:520.36,527.2 1 0
github.com/prologic/eris/irc/reply.go:529.66,532.2 1 0
github.com/prologic/eris/irc/reply.go:534.33,537.2 1 0
github.com/prologic/eris/irc/reply.go:539.40,550.2 1 0
github.com/prologic/eris/irc/reply.go:552.41,555.19 2 0
github.com/prologic/eris/irc/reply.go:559.2,563.3 1 0
github.com/prologic/eris/irc/reply.go:555.19,557.3 1 0
github.com/prologic/eris/irc/reply.go:566.42,568.20 2 0
github.com/prologic/eris/irc/reply.go:572.2,576.3 1 0
github.com/prologic/eris/irc/reply.go:568.20,570.3 1 0
github.com/prologic/eris/irc/reply.go:579.36,581.64 2 0
github.com/prologic/eris/irc/reply.go:588.2,588.21 1 0
github.com/prologic/eris/irc/reply.go:592.2,597.3 1 0
github.com/prologic/eris/irc/reply.go:581.64,582.29 1 0
github.com/prologic/eris/irc/reply.go:585.3,585.14 1 0
github.com/prologic/eris/irc/reply.go:582.29,584.4 1 0
github.com/prologic/eris/irc/reply.go:588.21,590.3 1 0
github.com/prologic/eris/irc/reply.go:600.36,608.2 1 0
github.com/prologic/eris/irc/reply.go:610.53,613.28 2 0
github.com/prologic/eris/irc/reply.go:619.2,626.3 1 0
github.com/prologic/eris/irc/reply.go:613.28,615.3 1 0
github.com/prologic/eris/irc/reply.go:615.8,617.3 1 0
github.com/prologic/eris/irc/reply.go:629.53,632.2 1 0
github.com/prologic/eris/irc/reply.go:638.46,641.2 1 0
github.com/prologic/eris/irc/reply.go:643.51,646.2 1 0
github.com/prologic/eris/irc/reply.go:648.58,651.2 1 0
github.com/prologic/eris/irc/reply.go:653.43,656.2 1 0
github.com/prologic/eris/irc/reply.go:658.61,661.2 1 0
github.com/prologic/eris/irc/reply.go:663.54,666.2 1 0
github.com/prologic/eris/irc/reply.go:668.74,671.2 1 0
github.com/prologic/eris/irc/reply.go:673.57,676.2 1 0
github.com/prologic/eris/irc/reply.go:678.62,681.2 1 0
github.com/prologic/eris/irc/reply.go:683.58,686.2 1 0
github.com/prologic/eris/irc/reply.go:688.48,691.2 1 0
github.com/prologic/eris/irc/reply.go:693.43,695.2 1 0
github.com/prologic/eris/irc/reply.go:697.56,700.2 1 0
github.com/prologic/eris/irc/reply.go:702.41,704.2 1 0
github.com/prologic/eris/irc/reply.go:706.39,708.2 1 0
github.com/prologic/eris/irc/reply.go:710.52,712.2 1 0
github.com/prologic/eris/irc/reply.go:714.77,717.2 1 0
github.com/prologic/eris/irc/reply.go:719.61,722.2 1 0
github.com/prologic/eris/irc/reply.go:724.69,731.2 1 0
github.com/prologic/eris/irc/reply.go:734.62,737.2 1 0
github.com/prologic/eris/irc/reply.go:739.35,741.2 1 0
github.com/prologic/eris/irc/reply.go:743.44,745.2 1 0
github.com/prologic/eris/irc/reply.go:747.54,750.2 1 0
github.com/prologic/eris/irc/reply.go:752.74,755.2 1 0
github.com/prologic/eris/irc/reply.go:757.59,760.2 1 0
github.com/prologic/eris/irc/reply.go:762.58,765.2 1 0
github.com/prologic/eris/irc/reply.go:767.55,770.2 1 0
github.com/prologic/eris/irc/reply.go:772.66,775.2 1 0
github.com/prologic/eris/irc/reply.go:777.59,780.2 1 0
github.com/prologic/eris/irc/reply.go:782.59,785.2 1 0
github.com/prologic/eris/irc/reply.go:791.57,793.2 1 0
github.com/prologic/eris/irc/reply.go:795.51,801.2 1 0
github.com/prologic/eris/irc/reply.go:803.38,809.2 1 0
github.com/prologic/eris/irc/reply.go:811.39,817.2 1 0
github.com/prologic/eris/irc/reply.go:819.40,825.2 1 0
github.com/prologic/eris/irc/reply.go:827.51,833.2 1 0
github.com/prologic/eris/irc/reply.go:835.40,841.2 1 0
github.com/prologic/eris/irc/reply.go:843.40,849.2 1 0
github.com/prologic/eris/irc/reply.go:851.40,857.2 1 0
github.com/prologic/eris/irc/reply.go:859.53,866.2 1 0
github.com/prologic/eris/irc/types.go:18.25,22.2 3 0
github.com/prologic/eris/irc/types.go:24.25,28.2 3 0
github.com/prologic/eris/irc/types.go:30.31,34.2 3 0
github.com/prologic/eris/irc/types.go:44.42,48.2 1 0
github.com/prologic/eris/irc/types.go:51.38,55.2 3 0
github.com/prologic/eris/irc/types.go:58.71,61.31 3 0
github.com/prologic/eris/irc/types.go:61.31,62.15 1 0
github.com/prologic/eris/irc/types.go:62.15,64.4 1 0
github.com/prologic/eris/irc/types.go:69.50,73.2 3 0
github.com/prologic/eris/irc/types.go:76.54,79.47 3 0
github.com/prologic/eris/irc/types.go:82.2,83.12 2 0
github.com/prologic/eris/irc/types.go:79.47,81.3 1 0
github.com/prologic/eris/irc/types.go:87.57,90.51 3 0
github.com/prologic/eris/irc/types.go:93.2,94.12 2 0
github.com/prologic/eris/irc/types.go:90.51,92.3 1 0
github.com/prologic/eris/irc/types.go:104.42,106.2 1 0
github.com/prologic/eris/irc/types.go:109.50,113.2 3 0
github.com/prologic/eris/irc/types.go:116.52,120.2 3 0
github.com/prologic/eris/irc/types.go:123.55,128.2 4 0
github.com/prologic/eris/irc/types.go:131.65,134.30 3 0
github.com/prologic/eris/irc/types.go:134.30,135.15 1 0
github.com/prologic/eris/irc/types.go:135.15,137.4 1 0
github.com/prologic/eris/irc/types.go:142.44,146.25 3 0
github.com/prologic/eris/irc/types.go:149.2,151.30 3 0
github.com/prologic/eris/irc/types.go:155.2,155.31 1 0
github.com/prologic/eris/irc/types.go:146.25,148.3 1 0
github.com/prologic/eris/irc/types.go:151.30,154.3 2 0
github.com/prologic/eris/irc/types.go:163.32,165.2 1 0
github.com/prologic/eris/irc/types.go:167.43,171.2 3 0
github.com/prologic/eris/irc/types.go:173.46,177.2 3 0
github.com/prologic/eris/irc/types.go:179.35,183.2 3 0
github.com/prologic/eris/irc/types.go:185.48,190.2 4 0
github.com/prologic/eris/irc/types.go:192.58,195.34 3 0
github.com/prologic/eris/irc/types.go:195.34,196.17 1 0
github.com/prologic/eris/irc/types.go:196.17,198.4 1 0
github.com/prologic/eris/irc/types.go:207.32,209.2 1 0
github.com/prologic/eris/irc/types.go:211.35,215.2 3 0
github.com/prologic/eris/irc/types.go:217.81,220.41 3 0
github.com/prologic/eris/irc/types.go:220.41,221.24 1 0
github.com/prologic/eris/irc/types.go:221.24,222.9 1 0
github.com/prologic/eris/irc/types.go:227.43,231.2 3 0
github.com/prologic/eris/irc/types.go:233.46,237.2 3 0
github.com/prologic/eris/irc/types.go:239.48,244.2 4 0
github.com/prologic/eris/irc/types.go:246.59,250.2 3 0
github.com/prologic/eris/irc/types.go:252.70,256.9 4 0
github.com/prologic/eris/irc/types.go:259.2,259.24 1 0
github.com/prologic/eris/irc/types.go:256.9,258.3 1 0
github.com/prologic/eris/irc/types.go:267.34,269.2 1 0
github.com/prologic/eris/irc/types.go:271.36,275.2 3 0
github.com/prologic/eris/irc/types.go:277.46,281.2 3 0
github.com/prologic/eris/irc/types.go:283.49,287.2 3 0
github.com/prologic/eris/irc/types.go:289.61,292.36 3 0
github.com/prologic/eris/irc/types.go:292.36,293.18 1 0
github.com/prologic/eris/irc/types.go:293.18,294.9 1 0
github.com/prologic/eris/irc/types.go:305.61,308.19 2 0
github.com/prologic/eris/irc/types.go:311.2,311.19 1 0
github.com/prologic/eris/irc/types.go:317.2,317.11 1 0
github.com/prologic/eris/irc/types.go:308.19,310.3 1 0
github.com/prologic/eris/irc/types.go:311.19,313.3 1 0
github.com/prologic/eris/irc/types.go:313.8,315.3 1 0
github.com/prologic/eris/irc/types.go:320.31,322.2 1 0
github.com/prologic/eris/irc/types.go:324.33,326.2 1 0
github.com/prologic/eris/irc/types.go:328.37,330.2 1 0
github.com/prologic/eris/main.go:14.13,26.13 6 0
github.com/prologic/eris/main.go:31.2,31.11 1 0
github.com/prologic/eris/main.go:37.2,37.11 1 0
github.com/prologic/eris/main.go:41.2,42.16 2 0
github.com/prologic/eris/main.go:46.2,46.29 1 0
github.com/prologic/eris/main.go:26.13,29.3 2 0
github.com/prologic/eris/main.go:31.11,33.3 1 0
github.com/prologic/eris/main.go:33.8,35.3 1 0
github.com/prologic/eris/main.go:37.11,39.3 1 0
github.com/prologic/eris/main.go:42.16,44.3 1 0
github.com/prologic/eris/irc/commands.go:69.46,71.2 1 0
github.com/prologic/eris/irc/commands.go:73.55,75.2 1 0
github.com/prologic/eris/irc/commands.go:77.47,79.2 1 0
github.com/prologic/eris/irc/commands.go:81.54,83.2 1 0
github.com/prologic/eris/irc/commands.go:85.57,88.24 3 0
github.com/prologic/eris/irc/commands.go:93.2,93.16 1 0
github.com/prologic/eris/irc/commands.go:96.2,96.8 1 0
github.com/prologic/eris/irc/commands.go:88.24,90.3 1 0
github.com/prologic/eris/irc/commands.go:90.8,92.3 1 0
github.com/prologic/eris/irc/commands.go:93.16,95.3 1 0
github.com/prologic/eris/irc/commands.go:103.54,105.20 2 0
github.com/prologic/eris/irc/commands.go:108.2,108.20 1 0
github.com/prologic/eris/irc/commands.go:111.2,111.8 1 0
github.com/prologic/eris/irc/commands.go:105.20,107.3 1 0
github.com/prologic/eris/irc/commands.go:108.20,110.3 1 0
github.com/prologic/eris/irc/commands.go:114.65,116.34 2 0
github.com/prologic/eris/irc/commands.go:119.2,121.20 3 0
github.com/prologic/eris/irc/commands.go:129.2,129.8 1 0
github.com/prologic/eris/irc/commands.go:116.34,118.3 1 0
github.com/prologic/eris/irc/commands.go:121.20,122.35 1 0
github.com/prologic/eris/irc/commands.go:126.3,127.27 2 0
github.com/prologic/eris/irc/commands.go:122.35,124.9 2 0
github.com/prologic/eris/irc/commands.go:139.57,143.2 1 0
github.com/prologic/eris/irc/commands.go:153.55,154.19 1 0
github.com/prologic/eris/irc/commands.go:157.2,160.19 2 0
github.com/prologic/eris/irc/commands.go:163.2,163.17 1 0
github.com/prologic/eris/irc/commands.go:154.19,156.3 1 0
github.com/prologic/eris/irc/commands.go:160.19,162.3 1 0
github.com/prologic/eris/irc/commands.go:174.55,175.19 1 0
github.com/prologic/eris/irc/commands.go:178.2,181.19 2 0
github.com/prologic/eris/irc/commands.go:184.2,184.21 1 0
github.com/prologic/eris/irc/commands.go:175.19,177.3 1 0
github.com/prologic/eris/irc/commands.go:181.19,183.3 1 0
github.com/prologic/eris/irc/commands.go:194.63,195.19 1 0
github.com/prologic/eris/irc/commands.go:198.2,200.8 1 0
github.com/prologic/eris/irc/commands.go:195.19,197.3 1 0
github.com/prologic/eris/irc/commands.go:212.54,214.2 1 0
github.com/prologic/eris/irc/commands.go:216.41,217.21 1 0
github.com/prologic/eris/irc/commands.go:220.2,220.51 1 0
github.com/prologic/eris/irc/commands.go:217.21,219.3 1 0
github.com/prologic/eris/irc/commands.go:223.55,224.19 1 0
github.com/prologic/eris/irc/commands.go:227.2,229.8 1 0
github.com/prologic/eris/irc/commands.go:224.19,226.3 1 0
github.com/prologic/eris/irc/commands.go:234.55,235.20 1 0
github.com/prologic/eris/irc/commands.go:238.2,240.8 1 0
github.com/prologic/eris/irc/commands.go:235.20,237.3 1 0
github.com/prologic/eris/irc/commands.go:263.51,265.25 2 0
github.com/prologic/eris/irc/commands.go:268.2,268.25 1 0
github.com/prologic/eris/irc/commands.go:271.2,271.14 1 0
github.com/prologic/eris/irc/commands.go:265.25,267.3 1 0
github.com/prologic/eris/irc/commands.go:268.25,270.3 1 0
github.com/prologic/eris/irc/commands.go:274.55,275.20 1 0
github.com/prologic/eris/irc/commands.go:278.2,279.16 2 0
github.com/prologic/eris/irc/commands.go:289.2,295.17 4 0
github.com/prologic/eris/irc/commands.go:275.20,277.3 1 0
github.com/prologic/eris/irc/commands.go:279.16,287.3 4 0
github.com/prologic/eris/irc/commands.go:305.48,311.2 3 0
github.com/prologic/eris/irc/commands.go:313.55,315.19 2 0
github.com/prologic/eris/irc/commands.go:318.2,318.17 1 0
github.com/prologic/eris/irc/commands.go:315.19,317.3 1 0
github.com/prologic/eris/irc/commands.go:329.55,334.20 2 0
github.com/prologic/eris/irc/commands.go:338.2,338.20 1 0
github.com/prologic/eris/irc/commands.go:343.2,345.19 3 0
github.com/prologic/eris/irc/commands.go:353.2,353.35 1 0
github.com/prologic/eris/irc/commands.go:357.2,357.17 1 0
github.com/prologic/eris/irc/commands.go:334.20,336.3 1 0
github.com/prologic/eris/irc/commands.go:338.20,341.3 2 0
github.com/prologic/eris/irc/commands.go:345.19,346.51 1 0
github.com/prologic/eris/irc/commands.go:346.51,347.26 1 0
github.com/prologic/eris/irc/commands.go:350.4,350.17 1 0
github.com/prologic/eris/irc/commands.go:347.26,348.10 1 0
github.com/prologic/eris/irc/commands.go:353.35,355.3 1 0
github.com/prologic/eris/irc/commands.go:368.40,369.23 1 0
github.com/prologic/eris/irc/commands.go:372.2,372.20 1 0
github.com/prologic/eris/irc/commands.go:369.23,371.3 1 0
github.com/prologic/eris/irc/commands.go:375.55,376.19 1 0
github.com/prologic/eris/irc/commands.go:379.2,382.19 2 0
github.com/prologic/eris/irc/commands.go:385.2,385.17 1 0
github.com/prologic/eris/irc/commands.go:376.19,378.3 1 0
github.com/prologic/eris/irc/commands.go:382.19,384.3 1 0
github.com/prologic/eris/irc/commands.go:396.58,397.19 1 0
github.com/prologic/eris/irc/commands.go:400.2,403.8 1 0
github.com/prologic/eris/irc/commands.go:397.19,399.3 1 0
github.com/prologic/eris/irc/commands.go:415.56,416.19 1 0
github.com/prologic/eris/irc/commands.go:419.2,422.19 2 0
github.com/prologic/eris/irc/commands.go:426.2,426.17 1 0
github.com/prologic/eris/irc/commands.go:416.19,418.3 1 0
github.com/prologic/eris/irc/commands.go:422.19,425.3 2 0
github.com/prologic/eris/irc/commands.go:434.43,436.2 1 0
github.com/prologic/eris/irc/commands.go:440.44,441.23 1 0
github.com/prologic/eris/irc/commands.go:445.2,447.33 3 0
github.com/prologic/eris/irc/commands.go:455.2,455.12 1 0
github.com/prologic/eris/irc/commands.go:441.23,443.3 1 0
github.com/prologic/eris/irc/commands.go:447.33,448.22 1 0
github.com/prologic/eris/irc/commands.go:448.22,450.4 1 0
github.com/prologic/eris/irc/commands.go:450.9,453.4 2 0
github.com/prologic/eris/irc/commands.go:465.74,471.34 2 0
github.com/prologic/eris/irc/commands.go:488.2,488.17 1 0
github.com/prologic/eris/irc/commands.go:471.34,472.27 1 0
github.com/prologic/eris/irc/commands.go:475.3,476.36 2 0
github.com/prologic/eris/irc/commands.go:480.3,480.39 1 0
github.com/prologic/eris/irc/commands.go:472.27,473.12 1 0
github.com/prologic/eris/irc/commands.go:476.36,478.4 1 0
github.com/prologic/eris/irc/commands.go:480.39,485.4 1 0
github.com/prologic/eris/irc/commands.go:497.56,498.49 1 0
github.com/prologic/eris/irc/commands.go:501.2,502.22 2 0
github.com/prologic/eris/irc/commands.go:505.2,505.8 1 0
github.com/prologic/eris/irc/commands.go:498.49,500.3 1 0
github.com/prologic/eris/irc/commands.go:502.22,504.3 1 0
github.com/prologic/eris/irc/commands.go:510.57,511.23 1 0
github.com/prologic/eris/irc/commands.go:515.2,516.29 2 0
github.com/prologic/eris/irc/commands.go:519.2,519.33 1 0
github.com/prologic/eris/irc/commands.go:522.2,522.33 1 0
github.com/prologic/eris/irc/commands.go:528.2,528.8 1 0
github.com/prologic/eris/irc/commands.go:511.23,513.3 1 0
github.com/prologic/eris/irc/commands.go:516.29,518.3 1 0
github.com/prologic/eris/irc/commands.go:519.33,521.3 1 0
github.com/prologic/eris/irc/commands.go:522.33,523.23 1 0
github.com/prologic/eris/irc/commands.go:526.3,526.26 1 0
github.com/prologic/eris/irc/commands.go:523.23,524.12 1 0
github.com/prologic/eris/irc/commands.go:538.76,544.20 2 0
github.com/prologic/eris/irc/commands.go:577.2,577.17 1 0
github.com/prologic/eris/irc/commands.go:544.20,545.24 1 0
github.com/prologic/eris/irc/commands.go:550.3,552.36 3 0
github.com/prologic/eris/irc/commands.go:558.3,559.32 2 0
github.com/prologic/eris/irc/commands.go:574.3,574.25 1 0
github.com/prologic/eris/irc/commands.go:545.24,547.12 2 0
github.com/prologic/eris/irc/commands.go:552.36,554.4 1 0
github.com/prologic/eris/irc/commands.go:554.9,556.4 1 0
github.com/prologic/eris/irc/commands.go:559.32,564.23 2 0
github.com/prologic/eris/irc/commands.go:572.4,572.45 1 0
github.com/prologic/eris/irc/commands.go:566.44,567.29 1 0
github.com/prologic/eris/irc/commands.go:567.29,570.6 2 0
github.com/prologic/eris/irc/commands.go:580.55,581.20 1 0
github.com/prologic/eris/irc/commands.go:585.2,586.22 2 0
github.com/prologic/eris/irc/commands.go:581.20,583.3 1 0
github.com/prologic/eris/irc/commands.go:586.22,588.3 1 0
github.com/prologic/eris/irc/commands.go:588.8,590.3 1 0
github.com/prologic/eris/irc/commands.go:600.56,601.19 1 0
github.com/prologic/eris/irc/commands.go:605.2,608.19 3 0
github.com/prologic/eris/irc/commands.go:615.2,618.8 1 0
github.com/prologic/eris/irc/commands.go:601.19,603.3 1 0
github.com/prologic/eris/irc/commands.go:608.19,611.3 2 0
github.com/prologic/eris/irc/commands.go:611.8,613.3 1 0
github.com/prologic/eris/irc/commands.go:628.54,631.19 2 0
github.com/prologic/eris/irc/commands.go:635.2,635.41 1 0
github.com/prologic/eris/irc/commands.go:639.2,639.17 1 0
github.com/prologic/eris/irc/commands.go:631.19,633.3 1 0
github.com/prologic/eris/irc/commands.go:635.41,637.3 1 0
github.com/prologic/eris/irc/commands.go:647.54,649.2 1 0
github.com/prologic/eris/irc/commands.go:652.55,653.19 1 0
github.com/prologic/eris/irc/commands.go:657.2,661.17 3 0
github.com/prologic/eris/irc/commands.go:653.19,655.3 1 0
github.com/prologic/eris/irc/commands.go:669.57,671.2 1 0
github.com/prologic/eris/irc/commands.go:679.54,680.19 1 0
github.com/prologic/eris/irc/commands.go:684.2,689.19 2 0
github.com/prologic/eris/irc/commands.go:695.2,695.17 1 0
github.com/prologic/eris/irc/commands.go:680.19,682.3 1 0
github.com/prologic/eris/irc/commands.go:689.19,691.28 2 0
github.com/prologic/eris/irc/commands.go:691.28,693.4 1 0
github.com/prologic/eris/irc/commands.go:703.55,706.19 2 0
github.com/prologic/eris/irc/commands.go:710.2,710.17 1 0
github.com/prologic/eris/irc/commands.go:706.19,708.3 1 0
github.com/prologic/eris/irc/commands.go:718.55,719.20 1 0
github.com/prologic/eris/irc/commands.go:723.2,725.8 1 0
github.com/prologic/eris/irc/commands.go:719.20,721.3 1 0
github.com/prologic/eris/irc/commands.go:733.55,735.19 2 0
github.com/prologic/eris/irc/commands.go:738.2,738.17 1 0
github.com/prologic/eris/irc/commands.go:735.19,737.3 1 0
github.com/prologic/eris/irc/commands.go:747.57,748.19 1 0
github.com/prologic/eris/irc/commands.go:751.2,754.8 1 0
github.com/prologic/eris/irc/commands.go:748.19,750.3 1 0
github.com/prologic/eris/irc/commands.go:763.40,764.23 1 0
github.com/prologic/eris/irc/commands.go:767.2,767.20 1 0
github.com/prologic/eris/irc/commands.go:764.23,766.3 1 0
github.com/prologic/eris/irc/commands.go:770.55,771.19 1 0
github.com/prologic/eris/irc/commands.go:774.2,776.56 3 0
github.com/prologic/eris/irc/commands.go:779.2,782.39 2 0
github.com/prologic/eris/irc/commands.go:789.2,789.19 1 0
github.com/prologic/eris/irc/commands.go:792.2,792.17 1 0
github.com/prologic/eris/irc/commands.go:771.19,773.3 1 0
github.com/prologic/eris/irc/commands.go:776.56,778.3 1 0
github.com/prologic/eris/irc/commands.go:782.39,783.22 1 0
github.com/prologic/eris/irc/commands.go:783.22,785.4 1 0
github.com/prologic/eris/irc/commands.go:785.9,787.4 1 0
github.com/prologic/eris/irc/commands.go:789.19,791.3 1 0
github.com/prologic/eris/irc/commands.go:801.55,803.19 2 0
github.com/prologic/eris/irc/commands.go:806.2,806.19 1 0
github.com/prologic/eris/irc/commands.go:809.2,809.17 1 0
github.com/prologic/eris/irc/commands.go:803.19,805.3 1 0
github.com/prologic/eris/irc/commands.go:806.19,808.3 1 0
github.com/prologic/eris/irc/commands.go:818.56,820.19 2 0
github.com/prologic/eris/irc/commands.go:823.2,823.19 1 0
github.com/prologic/eris/irc/commands.go:826.2,826.17 1 0
github.com/prologic/eris/irc/commands.go:820.19,822.3 1 0
github.com/prologic/eris/irc/commands.go:823.19,825.3 1 0
github.com/prologic/eris/irc/commands.go:834.58,836.19 2 0
github.com/prologic/eris/irc/commands.go:839.2,839.17 1 0
github.com/prologic/eris/irc/commands.go:836.19,838.3 1 0
github.com/prologic/eris/irc/commands.go:848.57,849.19 1 0
github.com/prologic/eris/irc/commands.go:853.2,856.8 1 0
github.com/prologic/eris/irc/commands.go:849.19,851.3 1 0
github.com/prologic/eris/irc/commands.go:864.55,866.19 2 0
github.com/prologic/eris/irc/commands.go:869.2,869.17 1 0
github.com/prologic/eris/irc/commands.go:866.19,868.3 1 0
github.com/prologic/eris/irc/commands.go:876.57,878.2 1 0
github.com/prologic/eris/irc/commands.go:886.55,887.19 1 0
github.com/prologic/eris/irc/commands.go:890.2,893.8 1 0
github.com/prologic/eris/irc/commands.go:887.19,889.3 1 0
github.com/prologic/eris/irc/commands.go:901.58,902.19 1 0
github.com/prologic/eris/irc/commands.go:905.2,907.8 1 0
github.com/prologic/eris/irc/commands.go:902.19,904.3 1 0
github.com/prologic/eris/irc/commands.go:917.57,918.19 1 0
github.com/prologic/eris/irc/commands.go:921.2,924.19 2 0
github.com/prologic/eris/irc/commands.go:927.2,927.19 1 0
github.com/prologic/eris/irc/commands.go:930.2,930.17 1 0
github.com/prologic/eris/irc/commands.go:918.19,920.3 1 0
github.com/prologic/eris/irc/commands.go:924.19,926.3 1 0
github.com/prologic/eris/irc/commands.go:927.19,929.3 1 0
github.com/prologic/eris/irc/commands.go:933.59,934.19 1 0
github.com/prologic/eris/irc/commands.go:938.2,941.8 1 0
github.com/prologic/eris/irc/commands.go:934.19,936.3 1 0
github.com/prologic/eris/irc/config.go:22.48,24.16 2 0
github.com/prologic/eris/irc/config.go:27.2,27.14 1 0
github.com/prologic/eris/irc/config.go:24.16,26.3 1 0
github.com/prologic/eris/irc/config.go:52.49,54.42 2 0
github.com/prologic/eris/irc/config.go:57.2,57.18 1 0
github.com/prologic/eris/irc/config.go:54.42,56.3 1 0
github.com/prologic/eris/irc/config.go:60.50,62.42 2 0
github.com/prologic/eris/irc/config.go:65.2,65.17 1 0
github.com/prologic/eris/irc/config.go:62.42,64.3 1 0
github.com/prologic/eris/irc/config.go:68.35,70.2 1 0
github.com/prologic/eris/irc/config.go:72.36,77.16 4 0
github.com/prologic/eris/irc/config.go:81.2,82.16 2 0
github.com/prologic/eris/irc/config.go:86.2,86.12 1 0
github.com/prologic/eris/irc/config.go:77.16,79.3 1 0
github.com/prologic/eris/irc/config.go:82.16,84.3 1 0
github.com/prologic/eris/irc/config.go:89.62,91.16 2 0
github.com/prologic/eris/irc/config.go:95.2,96.16 2 0
github.com/prologic/eris/irc/config.go:100.2,102.31 2 0
github.com/prologic/eris/irc/config.go:106.2,106.30 1 0
github.com/prologic/eris/irc/config.go:110.2,110.37 1 0
github.com/prologic/eris/irc/config.go:114.2,114.65 1 0
github.com/prologic/eris/irc/config.go:118.2,118.20 1 0
github.com/prologic/eris/irc/config.go:91.16,93.3 1 0
github.com/prologic/eris/irc/config.go:96.16,98.3 1 0
github.com/prologic/eris/irc/config.go:102.31,104.3 1 0
github.com/prologic/eris/irc/config.go:106.30,108.3 1 0
github.com/prologic/eris/irc/config.go:110.37,112.3 1 0
github.com/prologic/eris/irc/config.go:114.65,116.3 1 0
github.com/prologic/eris/irc/modes.go:10.38,12.2 1 0
github.com/prologic/eris/irc/modes.go:16.40,18.33 2 0
github.com/prologic/eris/irc/modes.go:21.2,21.31 1 0
github.com/prologic/eris/irc/modes.go:18.33,20.3 1 0
github.com/prologic/eris/irc/modes.go:27.41,29.2 1 0
github.com/prologic/eris/irc/modes.go:33.43,35.33 2 0
github.com/prologic/eris/irc/modes.go:38.2,38.31 1 0
github.com/prologic/eris/irc/modes.go:35.33,37.3 1 0
github.com/prologic/eris/irc/modes.go:43.34,45.2 1 0
github.com/prologic/eris/irc/modes.go:102.47,106.19 3 0
github.com/prologic/eris/irc/modes.go:111.2,111.49 1 0
github.com/prologic/eris/irc/modes.go:116.2,118.35 2 0
github.com/prologic/eris/irc/modes.go:148.2,148.22 1 0
github.com/prologic/eris/irc/modes.go:106.19,109.3 2 0
github.com/prologic/eris/irc/modes.go:111.49,114.3 2 0
github.com/prologic/eris/irc/modes.go:118.35,119.22 1 0
github.com/prologic/eris/irc/modes.go:120.49,121.21 1 0
github.com/prologic/eris/irc/modes.go:137.17,138.27 1 0
github.com/prologic/eris/irc/modes.go:122.13,123.34 1 0
github.com/prologic/eris/irc/modes.go:126.5,127.38 2 0
github.com/prologic/eris/irc/modes.go:129.16,130.35 1 0
github.com/prologic/eris/irc/modes.go:133.5,134.38 2 0
github.com/prologic/eris/irc/modes.go:123.34,124.14 1 0
github.com/prologic/eris/irc/modes.go:130.35,131.14 1 0
github.com/prologic/eris/irc/modes.go:138.27,139.35 1 0
github.com/prologic/eris/irc/modes.go:142.5,143.38 2 0
github.com/prologic/eris/irc/modes.go:139.35,140.14 1 0
github.com/prologic/eris/irc/modes.go:148.22,150.3 1 0
github.com/prologic/eris/irc/modes.go:150.8,150.29 1 0
github.com/prologic/eris/irc/modes.go:150.29,152.3 1 0
github.com/prologic/eris/irc/modes.go:155.61,158.20 3 0
github.com/prologic/eris/irc/modes.go:163.2,163.35 1 0
github.com/prologic/eris/irc/modes.go:158.20,161.3 2 0
github.com/prologic/eris/irc/password.go:36.103,39.24 2 0
github.com/prologic/eris/irc/password.go:45.2,48.3 1 0
github.com/prologic/eris/irc/password.go:39.24,41.3 1 0
github.com/prologic/eris/irc/password.go:41.8,43.3 1 0
github.com/prologic/eris/irc/password.go:51.71,57.2 4 0
github.com/prologic/eris/irc/password.go:59.72,62.2 1 0
github.com/prologic/eris/irc/password.go:64.75,68.9 4 0
github.com/prologic/eris/irc/password.go:73.2,73.53 1 0
github.com/prologic/eris/irc/password.go:68.9,71.3 2 0
github.com/prologic/eris/irc/password.go:78.94,79.20 1 0
github.com/prologic/eris/irc/password.go:83.2,88.8 6 0
github.com/prologic/eris/irc/password.go:79.20,82.3 2 0
github.com/prologic/eris/irc/password.go:91.95,92.21 1 0
github.com/prologic/eris/irc/password.go:96.2,97.16 2 0
github.com/prologic/eris/irc/password.go:100.2,101.8 2 0
github.com/prologic/eris/irc/password.go:92.21,95.3 2 0
github.com/prologic/eris/irc/password.go:97.16,99.3 1 0
github.com/prologic/eris/irc/password.go:104.83,110.16 6 0
github.com/prologic/eris/irc/password.go:114.2,114.65 1 0
github.com/prologic/eris/irc/password.go:110.16,112.3 1 0
github.com/prologic/eris/irc/password.go:119.65,120.19 1 0
github.com/prologic/eris/irc/password.go:124.2,125.8 2 0
github.com/prologic/eris/irc/password.go:120.19,123.3 2 0
github.com/prologic/eris/irc/password.go:128.51,130.2 1 0
github.com/prologic/eris/irc/privacy.go:3.59,12.30 7 0
github.com/prologic/eris/irc/privacy.go:15.2,15.42 1 0
github.com/prologic/eris/irc/privacy.go:18.2,18.73 1 0
github.com/prologic/eris/irc/privacy.go:21.2,21.14 1 0
github.com/prologic/eris/irc/privacy.go:12.30,14.3 1 0
github.com/prologic/eris/irc/privacy.go:15.42,17.3 1 0
github.com/prologic/eris/irc/privacy.go:18.73,20.3 1 0
github.com/prologic/eris/irc/capability.go:34.46,36.2 1 0
github.com/prologic/eris/irc/capability.go:48.40,50.2 1 0
github.com/prologic/eris/irc/capability.go:62.42,65.30 3 0
github.com/prologic/eris/irc/capability.go:69.2,69.32 1 0
github.com/prologic/eris/irc/capability.go:65.30,68.3 2 0
github.com/prologic/eris/irc/capability.go:72.49,75.30 3 0
github.com/prologic/eris/irc/capability.go:79.2,79.33 1 0
github.com/prologic/eris/irc/capability.go:75.30,78.3 2 0
github.com/prologic/eris/irc/capability.go:82.56,85.24 2 0
github.com/prologic/eris/irc/capability.go:86.14,88.62 2 0
github.com/prologic/eris/irc/capability.go:90.16,91.62 1 0
github.com/prologic/eris/irc/capability.go:93.15,94.44 1 0
github.com/prologic/eris/irc/capability.go:100.3,100.44 1 0
github.com/prologic/eris/irc/capability.go:103.3,103.58 1 0
github.com/prologic/eris/irc/capability.go:105.17,108.22 3 0
github.com/prologic/eris/irc/capability.go:110.15,112.29 2 0
github.com/prologic/eris/irc/capability.go:114.10,115.42 1 0
github.com/prologic/eris/irc/capability.go:94.44,95.42 1 0
github.com/prologic/eris/irc/capability.go:95.42,98.5 2 0
github.com/prologic/eris/irc/capability.go:100.44,102.4 1 0
github.com/prologic/eris/irc/client.go:24.40,26.2 1 0
github.com/prologic/eris/irc/client.go:28.32,33.2 3 0
github.com/prologic/eris/irc/client.go:35.37,40.2 3 0
github.com/prologic/eris/irc/client.go:68.55,85.35 3 0
github.com/prologic/eris/irc/client.go:89.2,93.15 4 0
github.com/prologic/eris/irc/client.go:85.35,87.3 1 0
github.com/prologic/eris/irc/client.go:100.35,101.6 1 0
github.com/prologic/eris/irc/client.go:101.6,102.10 1 0
github.com/prologic/eris/irc/client.go:103.38,104.50 1 0
github.com/prologic/eris/irc/client.go:107.4,107.30 1 0
github.com/prologic/eris/irc/client.go:104.50,106.5 1 0
github.com/prologic/eris/irc/client.go:112.34,121.17 6 0
github.com/prologic/eris/irc/client.go:121.17,122.51 1 0
github.com/prologic/eris/irc/client.go:149.3,149.33 1 0
github.com/prologic/eris/irc/client.go:122.51,125.4 1 0
github.com/prologic/eris/irc/client.go:125.9,125.59 1 0
github.com/prologic/eris/irc/client.go:125.59,126.15 1 0
github.com/prologic/eris/irc/client.go:136.4,137.12 2 0
github.com/prologic/eris/irc/client.go:127.25,130.42 1 0
github.com/prologic/eris/irc/client.go:132.28,132.28 0 0
github.com/prologic/eris/irc/client.go:139.9,139.65 1 0
github.com/prologic/eris/irc/client.go:139.65,147.4 2 0
github.com/prologic/eris/irc/client.go:153.51,156.24 2 0
github.com/prologic/eris/irc/client.go:166.2,167.9 2 0
github.com/prologic/eris/irc/client.go:172.2,174.26 2 0
github.com/prologic/eris/irc/client.go:179.2,179.23 1 0
github.com/prologic/eris/irc/client.go:191.2,191.36 1 0
github.com/prologic/eris/irc/client.go:156.24,158.10 2 0
github.com/prologic/eris/irc/client.go:162.3,163.9 2 0
github.com/prologic/eris/irc/client.go:158.10,161.4 2 0
github.com/prologic/eris/irc/client.go:167.9,170.3 2 0
github.com/prologic/eris/irc/client.go:174.26,177.3 2 0
github.com/prologic/eris/irc/client.go:180.34,181.17 1 0
github.com/prologic/eris/irc/client.go:183.20,183.20 0 0
github.com/prologic/eris/irc/client.go:186.10,188.17 2 0
github.com/prologic/eris/irc/client.go:196.43,198.2 1 0
github.com/prologic/eris/irc/client.go:204.40,206.2 1 0
github.com/prologic/eris/irc/client.go:212.32,214.2 1 0
github.com/prologic/eris/irc/client.go:216.31,217.29 1 0
github.com/prologic/eris/irc/client.go:221.2,221.29 1 0
github.com/prologic/eris/irc/client.go:217.29,219.3 1 0
github.com/prologic/eris/irc/client.go:221.29,223.3 1 0
github.com/prologic/eris/irc/client.go:223.8,225.3 1 0
github.com/prologic/eris/irc/client.go:228.30,232.29 3 0
github.com/prologic/eris/irc/client.go:232.29,234.3 1 0
github.com/prologic/eris/irc/client.go:234.8,236.3 1 0
github.com/prologic/eris/irc/client.go:239.34,240.23 1 0
github.com/prologic/eris/irc/client.go:243.2,245.16 3 0
github.com/prologic/eris/irc/client.go:240.23,242.3 1 0
github.com/prologic/eris/irc/client.go:248.33,251.52 1 0
github.com/prologic/eris/irc/client.go:258.2,258.49 1 0
github.com/prologic/eris/irc/client.go:264.2,269.29 3 0
github.com/prologic/eris/irc/client.go:272.2,272.29 1 0
github.com/prologic/eris/irc/client.go:276.2,280.37 3 0
github.com/prologic/eris/irc/client.go:251.52,254.3 2 0
github.com/prologic/eris/irc/client.go:258.49,260.3 1 0
github.com/prologic/eris/irc/client.go:260.8,262.3 1 0
github.com/prologic/eris/irc/client.go:269.29,271.3 1 0
github.com/prologic/eris/irc/client.go:272.29,274.3 1 0
github.com/prologic/eris/irc/client.go:283.48,285.2 1 0
github.com/prologic/eris/irc/client.go:287.42,289.2 1 0
github.com/prologic/eris/irc/client.go:291.44,293.2 1 0
github.com/prologic/eris/irc/client.go:295.38,297.2 1 0
github.com/prologic/eris/irc/client.go:299.42,301.2 1 0
github.com/prologic/eris/irc/client.go:303.53,309.2 4 0
github.com/prologic/eris/irc/client.go:312.44,313.28 1 0
github.com/prologic/eris/irc/client.go:317.2,317.18 1 0
github.com/prologic/eris/irc/client.go:320.2,320.8 1 0
github.com/prologic/eris/irc/client.go:313.28,315.3 1 0
github.com/prologic/eris/irc/client.go:317.18,319.3 1 0
github.com/prologic/eris/irc/client.go:323.47,325.21 2 0
github.com/prologic/eris/irc/client.go:328.2,328.14 1 0
github.com/prologic/eris/irc/client.go:331.2,331.70 1 0
github.com/prologic/eris/irc/client.go:325.21,327.3 1 0
github.com/prologic/eris/irc/client.go:328.14,330.3 1 0
github.com/prologic/eris/irc/client.go:334.32,336.2 1 0
github.com/prologic/eris/irc/client.go:338.38,340.2 1 0
github.com/prologic/eris/irc/client.go:342.30,343.17 1 0
github.com/prologic/eris/irc/client.go:346.2,346.18 1 0
github.com/prologic/eris/irc/client.go:343.17,345.3 1 0
github.com/prologic/eris/irc/client.go:349.28,351.2 1 0
github.com/prologic/eris/irc/client.go:353.34,355.2 1 0
github.com/prologic/eris/irc/client.go:357.44,360.52 3 0
github.com/prologic/eris/irc/client.go:367.2,367.16 1 0
github.com/prologic/eris/irc/client.go:360.52,361.70 1 0
github.com/prologic/eris/irc/client.go:365.3,365.14 1 0
github.com/prologic/eris/irc/client.go:361.70,364.4 2 0
github.com/prologic/eris/irc/client.go:370.50,371.22 1 0
github.com/prologic/eris/irc/client.go:375.2,376.35 2 0
github.com/prologic/eris/irc/client.go:371.22,374.3 2 0
github.com/prologic/eris/irc/client.go:379.53,386.51 6 0
github.com/prologic/eris/irc/client.go:386.51,389.3 2 0
github.com/prologic/eris/irc/client.go:392.43,393.27 1 0
github.com/prologic/eris/irc/client.go:393.27,395.3 1 0
github.com/prologic/eris/irc/client.go:398.42,399.26 1 0
github.com/prologic/eris/irc/client.go:403.2,410.25 7 0
github.com/prologic/eris/irc/client.go:399.26,401.3 1 0
github.com/prologic/eris/irc/client.go:410.25,412.43 2 0
github.com/prologic/eris/irc/client.go:412.43,415.4 2 0
github.com/prologic/eris/irc/client_lookup_set.go:18.52,21.47 2 0
github.com/prologic/eris/irc/client_lookup_set.go:24.2,24.47 1 0
github.com/prologic/eris/irc/client_lookup_set.go:27.2,27.8 1 0
github.com/prologic/eris/irc/client_lookup_set.go:21.47,23.3 1 0
github.com/prologic/eris/irc/client_lookup_set.go:24.47,26.3 1 0
github.com/prologic/eris/irc/client_lookup_set.go:35.44,39.2 1 0
github.com/prologic/eris/irc/client_lookup_set.go:41.45,46.2 3 0
github.com/prologic/eris/irc/client_lookup_set.go:48.56,53.2 3 0
github.com/prologic/eris/irc/client_lookup_set.go:55.59,56.23 1 0
github.com/prologic/eris/irc/client_lookup_set.go:59.2,59.37 1 0
github.com/prologic/eris/irc/client_lookup_set.go:63.2,67.12 4 0
github.com/prologic/eris/irc/client_lookup_set.go:56.23,58.3 1 0
github.com/prologic/eris/irc/client_lookup_set.go:59.37,61.3 1 0
github.com/prologic/eris/irc/client_lookup_set.go:70.62,71.23 1 0
github.com/prologic/eris/irc/client_lookup_set.go:74.2,74.40 1 0
github.com/prologic/eris/irc/client_lookup_set.go:78.2,82.12 4 0
github.com/prologic/eris/irc/client_lookup_set.go:71.23,73.3 1 0
github.com/prologic/eris/irc/client_lookup_set.go:74.40,76.3 1 0
github.com/prologic/eris/irc/client_lookup_set.go:85.79,88.42 3 0
github.com/prologic/eris/irc/client_lookup_set.go:88.42,89.23 1 0
github.com/prologic/eris/irc/client_lookup_set.go:89.23,91.4 1 0
github.com/prologic/eris/irc/client_lookup_set.go:95.67,105.39 7 0
github.com/prologic/eris/irc/client_lookup_set.go:112.2,112.12 1 0
github.com/prologic/eris/irc/client_lookup_set.go:105.39,107.40 2 0
github.com/prologic/eris/irc/client_lookup_set.go:107.40,109.4 1 0
github.com/prologic/eris/irc/client_lookup_set.go:115.61,123.39 6 0
github.com/prologic/eris/irc/client_lookup_set.go:130.2,130.12 1 0
github.com/prologic/eris/irc/client_lookup_set.go:123.39,125.40 2 0
github.com/prologic/eris/irc/client_lookup_set.go:125.40,127.4 1 0
github.com/prologic/eris/irc/client_lookup_set.go:142.36,146.2 1 0
github.com/prologic/eris/irc/client_lookup_set.go:148.45,149.21 1 0
github.com/prologic/eris/irc/client_lookup_set.go:152.2,154.13 3 0
github.com/prologic/eris/irc/client_lookup_set.go:149.21,151.3 1 0
github.com/prologic/eris/irc/client_lookup_set.go:157.59,158.29 1 0
github.com/prologic/eris/irc/client_lookup_set.go:164.2,165.8 2 0
github.com/prologic/eris/irc/client_lookup_set.go:158.29,159.33 1 0
github.com/prologic/eris/irc/client_lookup_set.go:162.3,162.25 1 0
github.com/prologic/eris/irc/client_lookup_set.go:159.33,161.4 1 0
github.com/prologic/eris/irc/client_lookup_set.go:168.48,169.22 1 0
github.com/prologic/eris/irc/client_lookup_set.go:172.2,174.13 3 0
github.com/prologic/eris/irc/client_lookup_set.go:169.22,171.3 1 0
github.com/prologic/eris/irc/client_lookup_set.go:177.51,178.23 1 0
github.com/prologic/eris/irc/client_lookup_set.go:181.2,181.50 1 0
github.com/prologic/eris/irc/client_lookup_set.go:178.23,180.3 1 0
github.com/prologic/eris/irc/client_lookup_set.go:184.41,187.30 3 0
github.com/prologic/eris/irc/client_lookup_set.go:191.2,191.33 1 0
github.com/prologic/eris/irc/client_lookup_set.go:187.30,190.3 2 0
github.com/prologic/eris/irc/client_lookup_set.go:200.37,201.25 1 0
github.com/prologic/eris/irc/client_lookup_set.go:206.2,208.30 3 0
github.com/prologic/eris/irc/client_lookup_set.go:221.2,222.38 2 0
github.com/prologic/eris/irc/client_lookup_set.go:201.25,204.3 2 0
github.com/prologic/eris/irc/client_lookup_set.go:208.30,211.43 3 0
github.com/prologic/eris/irc/client_lookup_set.go:219.3,219.51 1 0
github.com/prologic/eris/irc/client_lookup_set.go:211.43,214.42 3 0
github.com/prologic/eris/irc/client_lookup_set.go:217.4,217.51 1 0
github.com/prologic/eris/irc/client_lookup_set.go:214.42,216.5 1 0
github.com/prologic/eris/irc/server.go:59.40,86.34 4 0
github.com/prologic/eris/irc/server.go:90.2,90.44 1 0
github.com/prologic/eris/irc/server.go:94.2,94.55 1 0
github.com/prologic/eris/irc/server.go:98.2,104.18 2 0
github.com/prologic/eris/irc/server.go:110.2,125.18 3 0
github.com/prologic/eris/irc/server.go:131.2,134.18 1 0
github.com/prologic/eris/irc/server.go:140.2,150.18 2 0
github.com/prologic/eris/irc/server.go:156.2,170.15 4 0
github.com/prologic/eris/irc/server.go:86.34,88.3 1 0
github.com/prologic/eris/irc/server.go:90.44,92.3 1 0
github.com/prologic/eris/irc/server.go:94.55,96.3 1 0
github.com/prologic/eris/irc/server.go:104.18,106.4 1 0
github.com/prologic/eris/irc/server.go:125.18,127.4 1 0
github.com/prologic/eris/irc/server.go:134.18,136.4 1 0
github.com/prologic/eris/irc/server.go:150.18,152.4 1 0
github.com/prologic/eris/irc/server.go:173.47,175.57 2 0
github.com/prologic/eris/irc/server.go:175.57,176.28 1 0
github.com/prologic/eris/irc/server.go:180.3,180.14 1 0
github.com/prologic/eris/irc/server.go:176.28,179.4 2 0
github.com/prologic/eris/irc/server.go:184.68,186.2 1 0
github.com/prologic/eris/irc/server.go:188.46,190.57 2 0
github.com/prologic/eris/irc/server.go:190.57,194.3 3 0
github.com/prologic/eris/irc/server.go:197.67,199.2 1 0
github.com/prologic/eris/irc/server.go:201.34,203.2 1 0
github.com/prologic/eris/irc/server.go:205.30,207.2 1 0
github.com/prologic/eris/irc/server.go:209.29,210.6 1 0
github.com/prologic/eris/irc/server.go:210.6,211.10 1 0
github.com/prologic/eris/irc/server.go:212.22,213.10 1 0
github.com/prologic/eris/irc/server.go:214.25,217.14 2 0
github.com/prologic/eris/irc/server.go:222.34,223.30 1 0
github.com/prologic/eris/irc/server.go:225.32,226.17 1 0
github.com/prologic/eris/irc/server.go:217.14,220.5 2 0
github.com/prologic/eris/irc/server.go:231.50,232.6 1 0
github.com/prologic/eris/irc/server.go:232.6,234.17 2 0
github.com/prologic/eris/irc/server.go:238.3,240.36 2 0
github.com/prologic/eris/irc/server.go:246.3,247.21 2 0
github.com/prologic/eris/irc/server.go:234.17,236.12 2 0
github.com/prologic/eris/irc/server.go:240.36,242.4 1 0
github.com/prologic/eris/irc/server.go:242.9,244.4 1 0
github.com/prologic/eris/irc/server.go:255.38,257.16 2 0
github.com/prologic/eris/irc/server.go:261.2,263.25 2 0
github.com/prologic/eris/irc/server.go:257.16,259.3 1 0
github.com/prologic/eris/irc/server.go:270.63,272.16 2 0
github.com/prologic/eris/irc/server.go:275.2,278.16 4 0
github.com/prologic/eris/irc/server.go:282.2,284.25 2 0
github.com/prologic/eris/irc/server.go:272.16,274.3 1 0
github.com/prologic/eris/irc/server.go:278.16,280.3 1 0
github.com/prologic/eris/irc/server.go:291.41,293.34 1 0
github.com/prologic/eris/irc/server.go:297.2,307.11 9 0
github.com/prologic/eris/irc/server.go:293.34,295.3 1 0
github.com/prologic/eris/irc/server.go:310.44,311.27 1 0
github.com/prologic/eris/irc/server.go:316.2,317.16 2 0
github.com/prologic/eris/irc/server.go:321.2,325.6 4 0
github.com/prologic/eris/irc/server.go:334.2,334.21 1 0
github.com/prologic/eris/irc/server.go:311.27,314.3 2 0
github.com/prologic/eris/irc/server.go:317.16,320.3 2 0
github.com/prologic/eris/irc/server.go:325.6,327.17 2 0
github.com/prologic/eris/irc/server.go:330.3,332.23 2 0
github.com/prologic/eris/irc/server.go:327.17,328.9 1 0
github.com/prologic/eris/irc/server.go:337.33,339.16 2 0
github.com/prologic/eris/irc/server.go:343.2,349.12 6 0
github.com/prologic/eris/irc/server.go:339.16,341.3 1 0
github.com/prologic/eris/irc/server.go:352.28,354.2 1 0
github.com/prologic/eris/irc/server.go:356.33,358.2 1 0
github.com/prologic/eris/irc/server.go:360.34,362.2 1 0
github.com/prologic/eris/irc/server.go:364.30,366.2 1 0
github.com/prologic/eris/irc/server.go:368.61,370.2 1 0
github.com/prologic/eris/irc/server.go:372.82,374.2 1 0
github.com/prologic/eris/irc/server.go:380.57,382.20 2 0
github.com/prologic/eris/irc/server.go:388.2,388.26 1 0
github.com/prologic/eris/irc/server.go:382.20,386.3 3 0
github.com/prologic/eris/irc/server.go:391.64,393.24 2 0
github.com/prologic/eris/irc/server.go:398.2,398.25 1 0
github.com/prologic/eris/irc/server.go:393.24,397.3 3 0
github.com/prologic/eris/irc/server.go:401.64,403.24 2 0
github.com/prologic/eris/irc/server.go:408.2,409.20 2 0
github.com/prologic/eris/irc/server.go:415.2,415.25 1 0
github.com/prologic/eris/irc/server.go:403.24,407.3 3 0
github.com/prologic/eris/irc/server.go:409.20,410.30 1 0
github.com/prologic/eris/irc/server.go:413.3,413.28 1 0
github.com/prologic/eris/irc/server.go:410.30,412.4 1 0
github.com/prologic/eris/irc/server.go:418.65,420.24 2 0
github.com/prologic/eris/irc/server.go:426.2,426.20 1 0
github.com/prologic/eris/irc/server.go:431.2,431.28 1 0
github.com/prologic/eris/irc/server.go:442.2,442.24 1 0
github.com/prologic/eris/irc/server.go:447.2,447.25 1 0
github.com/prologic/eris/irc/server.go:452.2,452.20 1 0
github.com/prologic/eris/irc/server.go:456.2,457.16 2 0
github.com/prologic/eris/irc/server.go:465.2,472.22 3 0
github.com/prologic/eris/irc/server.go:488.2,489.16 2 0
github.com/prologic/eris/irc/server.go:494.2,506.3 5 0
github.com/prologic/eris/irc/server.go:420.24,424.3 3 0
github.com/prologic/eris/irc/server.go:426.20,429.3 2 0
github.com/prologic/eris/irc/server.go:431.28,432.25 1 0
github.com/prologic/eris/irc/server.go:439.3,439.9 1 0
github.com/prologic/eris/irc/server.go:432.25,435.4 2 0
github.com/prologic/eris/irc/server.go:435.9,438.4 2 0
github.com/prologic/eris/irc/server.go:442.24,445.3 2 0
github.com/prologic/eris/irc/server.go:447.25,450.3 2 0
github.com/prologic/eris/irc/server.go:452.20,454.3 1 0
github.com/prologic/eris/irc/server.go:457.16,461.3 3 0
github.com/prologic/eris/irc/server.go:472.22,477.20 4 0
github.com/prologic/eris/irc/server.go:477.20,479.4 1 0
github.com/prologic/eris/irc/server.go:479.9,479.32 1 0
github.com/prologic/eris/irc/server.go:479.32,482.4 2 0
github.com/prologic/eris/irc/server.go:483.8,486.3 2 0
github.com/prologic/eris/irc/server.go:489.16,492.3 2 0
github.com/prologic/eris/irc/server.go:509.53,517.2 5 0
github.com/prologic/eris/irc/server.go:519.57,521.2 1 0
github.com/prologic/eris/irc/server.go:527.47,529.2 1 0
github.com/prologic/eris/irc/server.go:531.47,534.2 2 0
github.com/prologic/eris/irc/server.go:536.47,539.2 2 0
github.com/prologic/eris/irc/server.go:541.47,543.2 1 0
github.com/prologic/eris/irc/server.go:545.54,547.2 1 0
github.com/prologic/eris/irc/server.go:549.47,552.12 2 0
github.com/prologic/eris/irc/server.go:560.2,560.36 1 0
github.com/prologic/eris/irc/server.go:552.12,553.53 1 0
github.com/prologic/eris/irc/server.go:557.3,557.9 1 0
github.com/prologic/eris/irc/server.go:553.53,556.4 2 0
github.com/prologic/eris/irc/server.go:560.36,561.24 1 0
github.com/prologic/eris/irc/server.go:566.3,567.21 2 0
github.com/prologic/eris/irc/server.go:570.3,570.28 1 0
github.com/prologic/eris/irc/server.go:561.24,563.12 2 0
github.com/prologic/eris/irc/server.go:567.21,569.4 1 0
github.com/prologic/eris/irc/server.go:574.52,576.36 2 0
github.com/prologic/eris/irc/server.go:576.36,579.21 2 0
github.com/prologic/eris/irc/server.go:584.3,584.36 1 0
github.com/prologic/eris/irc/server.go:579.21,581.12 2 0
github.com/prologic/eris/irc/server.go:588.55,591.20 3 0
github.com/prologic/eris/irc/server.go:596.2,596.18 1 0
github.com/prologic/eris/irc/server.go:591.20,594.3 2 0
github.com/prologic/eris/irc/server.go:596.18,598.3 1 0
github.com/prologic/eris/irc/server.go:598.8,600.3 1 0
github.com/prologic/eris/irc/server.go:603.57,605.28 2 0
github.com/prologic/eris/irc/server.go:616.2,617.19 2 0
github.com/prologic/eris/irc/server.go:621.2,621.30 1 0
github.com/prologic/eris/irc/server.go:625.2,627.24 3 0
github.com/prologic/eris/irc/server.go:605.28,607.21 2 0
github.com/prologic/eris/irc/server.go:612.3,613.9 2 0
github.com/prologic/eris/irc/server.go:607.21,610.4 2 0
github.com/prologic/eris/irc/server.go:617.19,620.3 2 0
github.com/prologic/eris/irc/server.go:621.30,624.3 2 0
github.com/prologic/eris/irc/server.go:627.24,629.3 1 0
github.com/prologic/eris/irc/server.go:632.67,635.52 3 0
github.com/prologic/eris/irc/server.go:653.2,653.15 1 0
github.com/prologic/eris/irc/server.go:635.52,636.38 1 0
github.com/prologic/eris/irc/server.go:640.3,640.10 1 0
github.com/prologic/eris/irc/server.go:650.3,651.14 2 0
github.com/prologic/eris/irc/server.go:636.38,638.4 1 0
github.com/prologic/eris/irc/server.go:641.57,642.47 1 0
github.com/prologic/eris/irc/server.go:644.47,645.47 1 0
github.com/prologic/eris/irc/server.go:647.11,648.41 1 0
github.com/prologic/eris/irc/server.go:656.53,661.31 2 0
github.com/prologic/eris/irc/server.go:661.31,663.27 2 0
github.com/prologic/eris/irc/server.go:667.3,667.44 1 0
github.com/prologic/eris/irc/server.go:663.27,665.12 2 0
github.com/prologic/eris/irc/server.go:667.44,670.4 2 0
github.com/prologic/eris/irc/server.go:674.71,675.69 1 0
github.com/prologic/eris/irc/server.go:675.69,676.54 1 0
github.com/prologic/eris/irc/server.go:679.3,679.14 1 0
github.com/prologic/eris/irc/server.go:676.54,678.4 1 0
github.com/prologic/eris/irc/server.go:683.53,688.16 4 0
github.com/prologic/eris/irc/server.go:707.2,707.26 1 0
github.com/prologic/eris/irc/server.go:688.16,689.64 1 0
github.com/prologic/eris/irc/server.go:689.64,692.4 2 0
github.com/prologic/eris/irc/server.go:693.8,693.29 1 0
github.com/prologic/eris/irc/server.go:693.29,696.21 2 0
github.com/prologic/eris/irc/server.go:696.21,698.4 1 0
github.com/prologic/eris/irc/server.go:699.8,701.44 2 0
github.com/prologic/eris/irc/server.go:701.44,704.4 2 0
github.com/prologic/eris/irc/server.go:710.54,713.43 2 0
github.com/prologic/eris/irc/server.go:718.2,729.3 4 0
github.com/prologic/eris/irc/server.go:713.43,716.3 2 0
github.com/prologic/eris/irc/server.go:732.56,734.29 2 0
github.com/prologic/eris/irc/server.go:739.2,745.16 3 0
github.com/prologic/eris/irc/server.go:753.2,753.23 1 0
github.com/prologic/eris/irc/server.go:734.29,737.3 2 0
github.com/prologic/eris/irc/server.go:745.16,751.3 2 0
github.com/prologic/eris/irc/server.go:756.54,758.23 2 0
github.com/prologic/eris/irc/server.go:763.2,763.31 1 0
github.com/prologic/eris/irc/server.go:758.23,760.3 1 0
github.com/prologic/eris/irc/server.go:760.8,762.3 1 0
github.com/prologic/eris/irc/server.go:766.54,770.33 3 0
github.com/prologic/eris/irc/server.go:776.2,776.22 1 0
github.com/prologic/eris/irc/server.go:770.33,771.58 1 0
github.com/prologic/eris/irc/server.go:771.58,773.4 1 0
github.com/prologic/eris/irc/server.go:779.54,781.2 1 0
github.com/prologic/eris/irc/server.go:783.56,786.49 2 0
github.com/prologic/eris/irc/server.go:791.2,791.28 1 0
github.com/prologic/eris/irc/server.go:802.2,803.19 2 0
github.com/prologic/eris/irc/server.go:808.2,808.30 1 0
github.com/prologic/eris/irc/server.go:812.2,813.54 2 0
github.com/prologic/eris/irc/server.go:786.49,789.3 2 0
github.com/prologic/eris/irc/server.go:791.28,793.21 2 0
github.com/prologic/eris/irc/server.go:798.3,799.9 2 0
github.com/prologic/eris/irc/server.go:793.21,796.4 2 0
github.com/prologic/eris/irc/server.go:803.19,806.3 2 0
github.com/prologic/eris/irc/server.go:808.30,811.3 2 0
github.com/prologic/eris/irc/server.go:816.54,818.42 2 0
github.com/prologic/eris/irc/server.go:818.42,820.21 2 0
github.com/prologic/eris/irc/server.go:825.3,826.20 2 0
github.com/prologic/eris/irc/server.go:831.3,831.46 1 0
github.com/prologic/eris/irc/server.go:820.21,822.12 2 0
github.com/prologic/eris/irc/server.go:826.20,828.12 2 0
github.com/prologic/eris/irc/server.go:835.54,839.22 2 0
github.com/prologic/eris/irc/server.go:844.2,844.28 1 0
github.com/prologic/eris/irc/server.go:862.2,862.27 1 0
github.com/prologic/eris/irc/server.go:839.22,842.3 2 0
github.com/prologic/eris/irc/server.go:844.28,845.64 1 0
github.com/prologic/eris/irc/server.go:845.64,846.39 1 0
github.com/prologic/eris/irc/server.go:849.4,850.15 2 0
github.com/prologic/eris/irc/server.go:846.39,848.5 1 0
github.com/prologic/eris/irc/server.go:852.8,853.39 1 0
github.com/prologic/eris/irc/server.go:853.39,855.57 2 0
github.com/prologic/eris/irc/server.go:859.4,859.27 1 0
github.com/prologic/eris/irc/server.go:855.57,857.13 2 0
github.com/prologic/eris/irc/server.go:865.55,867.34 2 0
github.com/prologic/eris/irc/server.go:875.2,875.38 1 0
github.com/prologic/eris/irc/server.go:867.34,868.64 1 0
github.com/prologic/eris/irc/server.go:872.3,872.9 1 0
github.com/prologic/eris/irc/server.go:868.64,871.4 2 0
github.com/prologic/eris/irc/server.go:875.38,877.21 2 0
github.com/prologic/eris/irc/server.go:881.3,881.24 1 0
github.com/prologic/eris/irc/server.go:877.21,879.12 2 0
github.com/prologic/eris/irc/server.go:885.57,887.55 2 0
github.com/prologic/eris/irc/server.go:892.2,892.21 1 0
github.com/prologic/eris/irc/server.go:887.55,890.3 2 0
github.com/prologic/eris/irc/server.go:895.56,899.19 3 0
github.com/prologic/eris/irc/server.go:904.2,905.20 2 0
github.com/prologic/eris/irc/server.go:911.2,911.32 1 0
github.com/prologic/eris/irc/server.go:899.19,902.3 2 0
github.com/prologic/eris/irc/server.go:905.20,909.3 3 0
github.com/prologic/eris/irc/server.go:914.54,916.55 2 0
github.com/prologic/eris/irc/server.go:920.2,920.18 1 0
github.com/prologic/eris/irc/server.go:916.55,919.3 2 0
github.com/prologic/eris/irc/server.go:923.56,931.2 6 0
github.com/prologic/eris/irc/server.go:933.57,935.29 2 0
github.com/prologic/eris/irc/server.go:940.2,940.38 1 0
github.com/prologic/eris/irc/server.go:935.29,938.3 2 0
github.com/prologic/eris/irc/server.go:943.54,945.29 2 0
github.com/prologic/eris/irc/server.go:950.2,951.19 2 0
github.com/prologic/eris/irc/server.go:956.2,957.31 2 0
github.com/prologic/eris/irc/server.go:945.29,948.3 2 0
github.com/prologic/eris/irc/server.go:951.19,954.3 2 0
github.com/prologic/eris/irc/server.go:960.56,962.41 2 0
github.com/prologic/eris/irc/server.go:962.41,964.24 2 0
github.com/prologic/eris/irc/server.go:971.3,971.34 1 0
github.com/prologic/eris/irc/server.go:964.24,966.4 1 0
github.com/prologic/eris/irc/server.go:966.9,967.35 1 0
github.com/prologic/eris/irc/server.go:967.35,969.5 1 0
github.com/prologic/eris/irc/version.go:19.27,21.2 1 0
github.com/prologic/eris/irc/nickname.go:8.50,10.24 2 21
github.com/prologic/eris/irc/nickname.go:16.2,16.22 1 21
github.com/prologic/eris/irc/nickname.go:21.2,21.38 1 21
github.com/prologic/eris/irc/nickname.go:26.2,26.30 1 21
github.com/prologic/eris/irc/nickname.go:31.2,32.23 2 21
github.com/prologic/eris/irc/nickname.go:10.24,14.3 3 0
github.com/prologic/eris/irc/nickname.go:16.22,19.3 2 0
github.com/prologic/eris/irc/nickname.go:21.38,24.3 2 0
github.com/prologic/eris/irc/nickname.go:26.30,29.3 2 0
github.com/prologic/eris/irc/nickname.go:35.54,38.24 2 0
github.com/prologic/eris/irc/nickname.go:43.2,43.32 1 0
github.com/prologic/eris/irc/nickname.go:48.2,48.33 1 0
github.com/prologic/eris/irc/nickname.go:52.2,53.43 2 0
github.com/prologic/eris/irc/nickname.go:58.2,58.37 1 0
github.com/prologic/eris/irc/nickname.go:38.24,41.3 2 0
github.com/prologic/eris/irc/nickname.go:43.32,46.3 2 0
github.com/prologic/eris/irc/nickname.go:48.33,50.3 1 0
github.com/prologic/eris/irc/nickname.go:53.43,56.3 2 0
github.com/prologic/eris/irc/nickname.go:67.58,70.29 2 0
github.com/prologic/eris/irc/nickname.go:75.2,75.28 1 0
github.com/prologic/eris/irc/nickname.go:80.2,80.29 1 0
github.com/prologic/eris/irc/nickname.go:84.2,85.19 2 0
github.com/prologic/eris/irc/nickname.go:90.2,90.41 1 0
github.com/prologic/eris/irc/nickname.go:95.2,95.33 1 0
github.com/prologic/eris/irc/nickname.go:70.29,73.3 2 0
github.com/prologic/eris/irc/nickname.go:75.28,78.3 2 0
github.com/prologic/eris/irc/nickname.go:80.29,82.3 1 0
github.com/prologic/eris/irc/nickname.go:85.19,88.3 2 0
github.com/prologic/eris/irc/nickname.go:90.41,93.3 2 0
github.com/prologic/eris/irc/net.go:8.35,11.16 3 21
github.com/prologic/eris/irc/net.go:14.2,14.21 1 21
github.com/prologic/eris/irc/net.go:11.16,13.3 1 0
github.com/prologic/eris/irc/net.go:17.45,19.2 1 21
github.com/prologic/eris/irc/net.go:21.37,23.16 2 21
github.com/prologic/eris/irc/net.go:27.2,28.23 2 21
github.com/prologic/eris/irc/net.go:23.16,25.3 1 0
github.com/prologic/eris/irc/net.go:33.35,35.70 1 42
github.com/prologic/eris/irc/net.go:40.2,40.48 1 0
github.com/prologic/eris/irc/net.go:47.2,47.64 1 0
github.com/prologic/eris/irc/net.go:53.2,53.13 1 0
github.com/prologic/eris/irc/net.go:35.70,37.3 1 42
github.com/prologic/eris/irc/net.go:40.48,41.102 1 0
github.com/prologic/eris/irc/net.go:41.102,43.4 1 0
github.com/prologic/eris/irc/net.go:47.64,48.52 1 0
github.com/prologic/eris/irc/net.go:48.52,50.4 1 0
github.com/prologic/eris/irc/password.go:36.103,39.24 2 1
github.com/prologic/eris/irc/password.go:45.2,48.3 1 1
github.com/prologic/eris/irc/password.go:39.24,41.3 1 0
github.com/prologic/eris/irc/password.go:41.8,43.3 1 1
github.com/prologic/eris/irc/password.go:51.71,57.2 4 0
github.com/prologic/eris/irc/password.go:59.72,62.2 1 0
github.com/prologic/eris/irc/password.go:64.75,68.9 4 0
github.com/prologic/eris/irc/password.go:73.2,73.53 1 0
github.com/prologic/eris/irc/password.go:68.9,71.3 2 0
github.com/prologic/eris/irc/password.go:78.94,79.20 1 0
github.com/prologic/eris/irc/password.go:83.2,88.8 6 0
github.com/prologic/eris/irc/password.go:79.20,82.3 2 0
github.com/prologic/eris/irc/password.go:91.95,92.21 1 0
github.com/prologic/eris/irc/password.go:96.2,97.16 2 0
github.com/prologic/eris/irc/password.go:100.2,101.8 2 0
github.com/prologic/eris/irc/password.go:92.21,95.3 2 0
github.com/prologic/eris/irc/password.go:97.16,99.3 1 0
github.com/prologic/eris/irc/password.go:104.83,110.16 6 0
github.com/prologic/eris/irc/password.go:114.2,114.65 1 0
github.com/prologic/eris/irc/password.go:110.16,112.3 1 0
github.com/prologic/eris/irc/password.go:119.65,120.19 1 0
github.com/prologic/eris/irc/password.go:124.2,125.8 2 0
github.com/prologic/eris/irc/password.go:120.19,123.3 2 0
github.com/prologic/eris/irc/password.go:128.51,130.2 1 0
github.com/prologic/eris/irc/privacy.go:3.59,12.30 7 0
github.com/prologic/eris/irc/privacy.go:15.2,15.42 1 0
github.com/prologic/eris/irc/privacy.go:18.2,18.73 1 0
github.com/prologic/eris/irc/privacy.go:21.2,21.14 1 0
github.com/prologic/eris/irc/privacy.go:12.30,14.3 1 0
github.com/prologic/eris/irc/privacy.go:15.42,17.3 1 0
github.com/prologic/eris/irc/privacy.go:18.73,20.3 1 0
github.com/prologic/eris/irc/socket.go:25.39,31.2 1 21
github.com/prologic/eris/irc/socket.go:33.39,35.2 1 0
github.com/prologic/eris/irc/socket.go:37.31,41.19 3 20
github.com/prologic/eris/irc/socket.go:44.2,46.33 3 20
github.com/prologic/eris/irc/socket.go:41.19,43.3 1 0
github.com/prologic/eris/irc/socket.go:49.55,52.19 3 109
github.com/prologic/eris/irc/socket.go:57.2,57.28 1 89
github.com/prologic/eris/irc/socket.go:66.2,68.16 3 0
github.com/prologic/eris/irc/socket.go:71.2,71.8 1 0
github.com/prologic/eris/irc/socket.go:52.19,55.3 2 20
github.com/prologic/eris/irc/socket.go:57.28,59.21 2 88
github.com/prologic/eris/irc/socket.go:62.3,63.9 2 88
github.com/prologic/eris/irc/socket.go:59.21,60.12 1 0
github.com/prologic/eris/irc/socket.go:68.16,70.3 1 0
github.com/prologic/eris/irc/socket.go:74.54,77.19 3 214
github.com/prologic/eris/irc/socket.go:82.2,82.70 1 214
github.com/prologic/eris/irc/socket.go:86.2,86.70 1 214
github.com/prologic/eris/irc/socket.go:90.2,90.57 1 214
github.com/prologic/eris/irc/socket.go:94.2,95.8 2 214
github.com/prologic/eris/irc/socket.go:77.19,80.3 2 0
github.com/prologic/eris/irc/socket.go:82.70,84.3 1 0
github.com/prologic/eris/irc/socket.go:86.70,88.3 1 0
github.com/prologic/eris/irc/socket.go:90.57,92.3 1 0
github.com/prologic/eris/irc/socket.go:98.57,99.16 1 642
github.com/prologic/eris/irc/socket.go:105.2,105.14 1 642
github.com/prologic/eris/irc/socket.go:99.16,100.20 1 0
github.com/prologic/eris/irc/socket.go:103.3,103.14 1 0
github.com/prologic/eris/irc/socket.go:100.20,102.4 1 0
github.com/prologic/eris/irc/channel.go:20.70,33.21 2 7
github.com/prologic/eris/irc/channel.go:39.2,41.16 2 7
github.com/prologic/eris/irc/channel.go:33.21,34.44 1 7
github.com/prologic/eris/irc/channel.go:34.44,36.4 1 14
github.com/prologic/eris/irc/channel.go:44.40,46.2 1 8
github.com/prologic/eris/irc/channel.go:48.47,51.2 2 10
github.com/prologic/eris/irc/channel.go:53.63,55.2 1 28
github.com/prologic/eris/irc/channel.go:57.56,63.73 6 10
github.com/prologic/eris/irc/channel.go:82.2,82.14 1 10
github.com/prologic/eris/irc/channel.go:63.73,64.20 1 12
github.com/prologic/eris/irc/channel.go:78.3,80.14 3 12
github.com/prologic/eris/irc/channel.go:64.20,65.34 1 0
github.com/prologic/eris/irc/channel.go:68.4,68.24 1 0
[...]
github.com/prologic/eris/main.go:46.2,46.29 1 0
github.com/prologic/eris/main.go:26.13,29.3 2 0
github.com/prologic/eris/main.go:31.11,33.3 1 0
github.com/prologic/eris/main.go:33.8,35.3 1 0
github.com/prologic/eris/main.go:37.11,39.3 1 0
github.com/prologic/eris/main.go:42.16,44.3 1 0
github.com/prologic/eris/irc/version.go:19.27,21.2 1 42
github.com/prologic/eris/irc/config.go:22.48,24.16 2 0
github.com/prologic/eris/irc/config.go:27.2,27.14 1 0
github.com/prologic/eris/irc/config.go:24.16,26.3 1 0
github.com/prologic/eris/irc/config.go:52.49,54.42 2 1
github.com/prologic/eris/irc/config.go:57.2,57.18 1 1
github.com/prologic/eris/irc/config.go:54.42,56.3 1 0
github.com/prologic/eris/irc/config.go:60.50,62.42 2 2
github.com/prologic/eris/irc/config.go:65.2,65.17 1 2
github.com/prologic/eris/irc/config.go:62.42,64.3 1 2
github.com/prologic/eris/irc/config.go:68.35,70.2 1 0
github.com/prologic/eris/irc/config.go:72.36,77.16 4 0
github.com/prologic/eris/irc/config.go:81.2,82.16 2 0
github.com/prologic/eris/irc/config.go:86.2,86.12 1 0
github.com/prologic/eris/irc/config.go:77.16,79.3 1 0
github.com/prologic/eris/irc/config.go:82.16,84.3 1 0
github.com/prologic/eris/irc/config.go:89.62,91.16 2 0
github.com/prologic/eris/irc/config.go:95.2,96.16 2 0
github.com/prologic/eris/irc/config.go:100.2,102.31 2 0
github.com/prologic/eris/irc/config.go:106.2,106.30 1 0
github.com/prologic/eris/irc/config.go:110.2,110.37 1 0
github.com/prologic/eris/irc/config.go:114.2,114.65 1 0
github.com/prologic/eris/irc/config.go:118.2,118.20 1 0
github.com/prologic/eris/irc/config.go:91.16,93.3 1 0
github.com/prologic/eris/irc/config.go:96.16,98.3 1 0
github.com/prologic/eris/irc/config.go:102.31,104.3 1 0
github.com/prologic/eris/irc/config.go:106.30,108.3 1 0
github.com/prologic/eris/irc/config.go:110.37,112.3 1 0
github.com/prologic/eris/irc/config.go:114.65,116.3 1 0
github.com/prologic/eris/irc/modes.go:10.38,12.2 1 63
github.com/prologic/eris/irc/modes.go:16.40,18.33 2 21
github.com/prologic/eris/irc/modes.go:21.2,21.31 1 21
github.com/prologic/eris/irc/modes.go:18.33,20.3 1 63
github.com/prologic/eris/irc/modes.go:27.41,29.2 1 243
github.com/prologic/eris/irc/modes.go:33.43,35.33 2 21
github.com/prologic/eris/irc/modes.go:38.2,38.31 1 21
github.com/prologic/eris/irc/modes.go:35.33,37.3 1 231
github.com/prologic/eris/irc/modes.go:43.34,45.2 1 0
github.com/prologic/eris/irc/modes.go:102.47,106.19 3 0
github.com/prologic/eris/irc/modes.go:111.2,111.49 1 0
github.com/prologic/eris/irc/modes.go:116.2,118.35 2 0
github.com/prologic/eris/irc/modes.go:148.2,148.22 1 0
github.com/prologic/eris/irc/modes.go:106.19,109.3 2 0
github.com/prologic/eris/irc/modes.go:111.49,114.3 2 0
github.com/prologic/eris/irc/modes.go:118.35,119.22 1 0
github.com/prologic/eris/irc/modes.go:120.49,121.21 1 0
github.com/prologic/eris/irc/modes.go:137.17,138.27 1 0
github.com/prologic/eris/irc/modes.go:122.13,123.34 1 0
github.com/prologic/eris/irc/modes.go:126.5,127.38 2 0
github.com/prologic/eris/irc/modes.go:129.16,130.35 1 0
github.com/prologic/eris/irc/modes.go:133.5,134.38 2 0
github.com/prologic/eris/irc/modes.go:123.34,124.14 1 0
github.com/prologic/eris/irc/modes.go:130.35,131.14 1 0
github.com/prologic/eris/irc/modes.go:138.27,139.35 1 0
github.com/prologic/eris/irc/modes.go:142.5,143.38 2 0
github.com/prologic/eris/irc/modes.go:139.35,140.14 1 0
github.com/prologic/eris/irc/modes.go:148.22,150.3 1 0
github.com/prologic/eris/irc/modes.go:150.8,150.29 1 0
github.com/prologic/eris/irc/modes.go:150.29,152.3 1 0
github.com/prologic/eris/irc/modes.go:155.61,158.20 3 6
github.com/prologic/eris/irc/modes.go:163.2,163.35 1 6
github.com/prologic/eris/irc/modes.go:158.20,161.3 2 0
github.com/prologic/eris/irc/server.go:59.40,86.34 4 1
github.com/prologic/eris/irc/server.go:90.2,90.44 1 1
github.com/prologic/eris/irc/server.go:94.2,94.55 1 1
github.com/prologic/eris/irc/server.go:98.2,104.18 2 1
github.com/prologic/eris/irc/server.go:110.2,125.18 3 1
github.com/prologic/eris/irc/server.go:131.2,134.18 1 1
github.com/prologic/eris/irc/server.go:140.2,150.18 2 1
github.com/prologic/eris/irc/server.go:156.2,170.15 4 1
github.com/prologic/eris/irc/server.go:86.34,88.3 1 0
github.com/prologic/eris/irc/server.go:90.44,92.3 1 1
github.com/prologic/eris/irc/server.go:94.55,96.3 1 0
github.com/prologic/eris/irc/server.go:104.18,106.4 1 0
github.com/prologic/eris/irc/server.go:125.18,127.4 1 0
github.com/prologic/eris/irc/server.go:134.18,136.4 1 0
github.com/prologic/eris/irc/server.go:150.18,152.4 1 0
github.com/prologic/eris/irc/server.go:173.47,175.57 2 0
github.com/prologic/eris/irc/server.go:175.57,176.28 1 0
github.com/prologic/eris/irc/server.go:180.3,180.14 1 0
github.com/prologic/eris/irc/server.go:176.28,179.4 2 0
github.com/prologic/eris/irc/server.go:184.68,186.2 1 0
github.com/prologic/eris/irc/server.go:188.46,190.57 2 0
github.com/prologic/eris/irc/server.go:190.57,194.3 3 0
github.com/prologic/eris/irc/server.go:197.67,199.2 1 0
github.com/prologic/eris/irc/server.go:201.34,203.2 1 0
github.com/prologic/eris/irc/server.go:205.30,207.2 1 0
github.com/prologic/eris/irc/server.go:209.29,210.6 1 1
github.com/prologic/eris/irc/server.go:210.6,211.10 1 22
github.com/prologic/eris/irc/server.go:212.22,213.10 1 0
github.com/prologic/eris/irc/server.go:214.25,217.14 2 0
github.com/prologic/eris/irc/server.go:222.34,223.30 1 21
github.com/prologic/eris/irc/server.go:225.32,226.17 1 0
github.com/prologic/eris/irc/server.go:217.14,220.5 2 0
github.com/prologic/eris/irc/server.go:231.50,232.6 1 1
github.com/prologic/eris/irc/server.go:232.6,234.17 2 22
github.com/prologic/eris/irc/server.go:238.3,240.36 2 21
github.com/prologic/eris/irc/server.go:246.3,247.21 2 21
github.com/prologic/eris/irc/server.go:234.17,236.12 2 0
github.com/prologic/eris/irc/server.go:240.36,242.4 1 0
github.com/prologic/eris/irc/server.go:242.9,244.4 1 21
github.com/prologic/eris/irc/server.go:255.38,257.16 2 1
github.com/prologic/eris/irc/server.go:261.2,263.25 2 1
github.com/prologic/eris/irc/server.go:257.16,259.3 1 0
github.com/prologic/eris/irc/server.go:270.63,272.16 2 0
github.com/prologic/eris/irc/server.go:275.2,278.16 4 0
github.com/prologic/eris/irc/server.go:282.2,284.25 2 0
github.com/prologic/eris/irc/server.go:272.16,274.3 1 0
github.com/prologic/eris/irc/server.go:278.16,280.3 1 0
github.com/prologic/eris/irc/server.go:291.41,293.34 1 42
github.com/prologic/eris/irc/server.go:297.2,307.11 9 21
github.com/prologic/eris/irc/server.go:293.34,295.3 1 21
github.com/prologic/eris/irc/server.go:310.44,311.27 1 21
github.com/prologic/eris/irc/server.go:316.2,317.16 2 0
github.com/prologic/eris/irc/server.go:321.2,325.6 4 0
github.com/prologic/eris/irc/server.go:334.2,334.21 1 0
github.com/prologic/eris/irc/server.go:311.27,314.3 2 21
github.com/prologic/eris/irc/server.go:317.16,320.3 2 0
github.com/prologic/eris/irc/server.go:325.6,327.17 2 0
github.com/prologic/eris/irc/server.go:330.3,332.23 2 0
github.com/prologic/eris/irc/server.go:327.17,328.9 1 0
github.com/prologic/eris/irc/server.go:337.33,339.16 2 0
github.com/prologic/eris/irc/server.go:343.2,349.12 6 0
github.com/prologic/eris/irc/server.go:339.16,341.3 1 0
github.com/prologic/eris/irc/server.go:352.28,354.2 1 208
github.com/prologic/eris/irc/server.go:356.33,358.2 1 21
github.com/prologic/eris/irc/server.go:360.34,362.2 1 0
github.com/prologic/eris/irc/server.go:364.30,366.2 1 0
github.com/prologic/eris/irc/server.go:368.61,370.2 1 0
github.com/prologic/eris/irc/server.go:372.82,374.2 1 0
github.com/prologic/eris/irc/server.go:380.57,382.20 2 0
github.com/prologic/eris/irc/server.go:388.2,388.26 1 0
github.com/prologic/eris/irc/server.go:382.20,386.3 3 0
github.com/prologic/eris/irc/server.go:391.64,393.24 2 21
github.com/prologic/eris/irc/server.go:398.2,398.25 1 21
github.com/prologic/eris/irc/server.go:393.24,397.3 3 0
github.com/prologic/eris/irc/server.go:401.64,403.24 2 0
github.com/prologic/eris/irc/server.go:408.2,409.20 2 0
github.com/prologic/eris/irc/server.go:415.2,415.25 1 0
github.com/prologic/eris/irc/server.go:403.24,407.3 3 0
github.com/prologic/eris/irc/server.go:409.20,410.30 1 0
github.com/prologic/eris/irc/server.go:413.3,413.28 1 0
github.com/prologic/eris/irc/server.go:410.30,412.4 1 0
github.com/prologic/eris/irc/server.go:418.65,420.24 2 0
github.com/prologic/eris/irc/server.go:426.2,426.20 1 0
github.com/prologic/eris/irc/server.go:431.2,431.28 1 0
github.com/prologic/eris/irc/server.go:442.2,442.24 1 0
github.com/prologic/eris/irc/server.go:447.2,447.25 1 0
github.com/prologic/eris/irc/server.go:452.2,452.20 1 0
github.com/prologic/eris/irc/server.go:456.2,457.16 2 0
github.com/prologic/eris/irc/server.go:465.2,472.22 3 0
github.com/prologic/eris/irc/server.go:488.2,489.16 2 0
github.com/prologic/eris/irc/server.go:494.2,506.3 5 0
github.com/prologic/eris/irc/server.go:420.24,424.3 3 0
github.com/prologic/eris/irc/server.go:426.20,429.3 2 0
github.com/prologic/eris/irc/server.go:431.28,432.25 1 0
github.com/prologic/eris/irc/server.go:439.3,439.9 1 0
github.com/prologic/eris/irc/server.go:432.25,435.4 2 0
github.com/prologic/eris/irc/server.go:435.9,438.4 2 0
github.com/prologic/eris/irc/server.go:442.24,445.3 2 0
github.com/prologic/eris/irc/server.go:447.25,450.3 2 0
github.com/prologic/eris/irc/server.go:452.20,454.3 1 0
github.com/prologic/eris/irc/server.go:457.16,461.3 3 0
github.com/prologic/eris/irc/server.go:472.22,477.20 4 0
github.com/prologic/eris/irc/server.go:477.20,479.4 1 0
github.com/prologic/eris/irc/server.go:479.9,479.32 1 0
github.com/prologic/eris/irc/server.go:479.32,482.4 2 0
github.com/prologic/eris/irc/server.go:483.8,486.3 2 0
github.com/prologic/eris/irc/server.go:489.16,492.3 2 0
github.com/prologic/eris/irc/server.go:509.53,517.2 5 21
github.com/prologic/eris/irc/server.go:519.57,521.2 1 0
github.com/prologic/eris/irc/server.go:527.47,529.2 1 0
github.com/prologic/eris/irc/server.go:531.47,534.2 2 0
github.com/prologic/eris/irc/server.go:536.47,539.2 2 0
github.com/prologic/eris/irc/server.go:541.47,543.2 1 0
github.com/prologic/eris/irc/server.go:545.54,547.2 1 40
github.com/prologic/eris/irc/server.go:549.47,552.12 2 11
github.com/prologic/eris/irc/server.go:560.2,560.36 1 11
github.com/prologic/eris/irc/server.go:552.12,553.53 1 0
github.com/prologic/eris/irc/server.go:557.3,557.9 1 0
github.com/prologic/eris/irc/server.go:553.53,556.4 2 0
github.com/prologic/eris/irc/server.go:560.36,561.24 1 11
github.com/prologic/eris/irc/server.go:566.3,567.21 2 11
github.com/prologic/eris/irc/server.go:570.3,570.28 1 11
github.com/prologic/eris/irc/server.go:561.24,563.12 2 0
github.com/prologic/eris/irc/server.go:567.21,569.4 1 7
github.com/prologic/eris/irc/server.go:574.52,576.36 2 0
github.com/prologic/eris/irc/server.go:576.36,579.21 2 0
github.com/prologic/eris/irc/server.go:584.3,584.36 1 0
github.com/prologic/eris/irc/server.go:579.21,581.12 2 0
github.com/prologic/eris/irc/server.go:588.55,591.20 3 2
github.com/prologic/eris/irc/server.go:596.2,596.18 1 1
github.com/prologic/eris/irc/server.go:591.20,594.3 2 1
github.com/prologic/eris/irc/server.go:596.18,598.3 1 1
github.com/prologic/eris/irc/server.go:598.8,600.3 1 0
github.com/prologic/eris/irc/server.go:603.57,605.28 2 5
github.com/prologic/eris/irc/server.go:616.2,617.19 2 1
github.com/prologic/eris/irc/server.go:621.2,621.30 1 1
github.com/prologic/eris/irc/server.go:625.2,627.24 3 1
github.com/prologic/eris/irc/server.go:605.28,607.21 2 4
github.com/prologic/eris/irc/server.go:612.3,613.9 2 4
github.com/prologic/eris/irc/server.go:607.21,610.4 2 0
github.com/prologic/eris/irc/server.go:617.19,620.3 2 0
github.com/prologic/eris/irc/server.go:621.30,624.3 2 0
github.com/prologic/eris/irc/server.go:627.24,629.3 1 0
github.com/prologic/eris/irc/server.go:632.67,635.52 3 1
github.com/prologic/eris/irc/server.go:653.2,653.15 1 1
github.com/prologic/eris/irc/server.go:635.52,636.38 1 0
github.com/prologic/eris/irc/server.go:640.3,640.10 1 0
github.com/prologic/eris/irc/server.go:650.3,651.14 2 0
github.com/prologic/eris/irc/server.go:636.38,638.4 1 0
github.com/prologic/eris/irc/server.go:641.57,642.47 1 0
github.com/prologic/eris/irc/server.go:644.47,645.47 1 0
github.com/prologic/eris/irc/server.go:647.11,648.41 1 0
github.com/prologic/eris/irc/server.go:656.53,661.31 2 1
github.com/prologic/eris/irc/server.go:661.31,663.27 2 1
github.com/prologic/eris/irc/server.go:667.3,667.44 1 1
github.com/prologic/eris/irc/server.go:663.27,665.12 2 0
github.com/prologic/eris/irc/server.go:667.44,670.4 2 1
github.com/prologic/eris/irc/server.go:674.71,675.69 1 0
github.com/prologic/eris/irc/server.go:675.69,676.54 1 0
github.com/prologic/eris/irc/server.go:679.3,679.14 1 0
github.com/prologic/eris/irc/server.go:676.54,678.4 1 0
github.com/prologic/eris/irc/server.go:683.53,688.16 4 0
github.com/prologic/eris/irc/server.go:707.2,707.26 1 0
github.com/prologic/eris/irc/server.go:688.16,689.64 1 0
github.com/prologic/eris/irc/server.go:689.64,692.4 2 0
github.com/prologic/eris/irc/server.go:693.8,693.29 1 0
github.com/prologic/eris/irc/server.go:693.29,696.21 2 0
github.com/prologic/eris/irc/server.go:696.21,698.4 1 0
github.com/prologic/eris/irc/server.go:699.8,701.44 2 0
github.com/prologic/eris/irc/server.go:701.44,704.4 2 0
github.com/prologic/eris/irc/server.go:710.54,713.43 2 0
github.com/prologic/eris/irc/server.go:718.2,729.3 4 0
github.com/prologic/eris/irc/server.go:713.43,716.3 2 0
github.com/prologic/eris/irc/server.go:732.56,734.29 2 0
github.com/prologic/eris/irc/server.go:739.2,745.16 3 0
github.com/prologic/eris/irc/server.go:753.2,753.23 1 0
github.com/prologic/eris/irc/server.go:734.29,737.3 2 0
github.com/prologic/eris/irc/server.go:745.16,751.3 2 0
github.com/prologic/eris/irc/server.go:756.54,758.23 2 0
github.com/prologic/eris/irc/server.go:763.2,763.31 1 0
github.com/prologic/eris/irc/server.go:758.23,760.3 1 0
github.com/prologic/eris/irc/server.go:760.8,762.3 1 0
github.com/prologic/eris/irc/server.go:766.54,770.33 3 0
github.com/prologic/eris/irc/server.go:776.2,776.22 1 0
github.com/prologic/eris/irc/server.go:770.33,771.58 1 0
github.com/prologic/eris/irc/server.go:771.58,773.4 1 0
github.com/prologic/eris/irc/server.go:779.54,781.2 1 0
github.com/prologic/eris/irc/server.go:783.56,786.49 2 0
github.com/prologic/eris/irc/server.go:791.2,791.28 1 0
github.com/prologic/eris/irc/server.go:802.2,803.19 2 0
github.com/prologic/eris/irc/server.go:808.2,808.30 1 0
github.com/prologic/eris/irc/server.go:812.2,813.54 2 0
github.com/prologic/eris/irc/server.go:786.49,789.3 2 0
github.com/prologic/eris/irc/server.go:791.28,793.21 2 0
github.com/prologic/eris/irc/server.go:798.3,799.9 2 0
github.com/prologic/eris/irc/server.go:793.21,796.4 2 0
github.com/prologic/eris/irc/server.go:803.19,806.3 2 0
github.com/prologic/eris/irc/server.go:808.30,811.3 2 0
github.com/prologic/eris/irc/server.go:816.54,818.42 2 0
github.com/prologic/eris/irc/server.go:818.42,820.21 2 0
github.com/prologic/eris/irc/server.go:825.3,826.20 2 0
github.com/prologic/eris/irc/server.go:831.3,831.46 1 0
github.com/prologic/eris/irc/server.go:820.21,822.12 2 0
github.com/prologic/eris/irc/server.go:826.20,828.12 2 0
github.com/prologic/eris/irc/server.go:835.54,839.22 2 0
github.com/prologic/eris/irc/server.go:844.2,844.28 1 0
github.com/prologic/eris/irc/server.go:862.2,862.27 1 0
github.com/prologic/eris/irc/server.go:839.22,842.3 2 0
github.com/prologic/eris/irc/server.go:844.28,845.64 1 0
github.com/prologic/eris/irc/server.go:845.64,846.39 1 0
github.com/prologic/eris/irc/server.go:849.4,850.15 2 0
github.com/prologic/eris/irc/server.go:846.39,848.5 1 0
github.com/prologic/eris/irc/server.go:852.8,853.39 1 0
github.com/prologic/eris/irc/server.go:853.39,855.57 2 0
github.com/prologic/eris/irc/server.go:859.4,859.27 1 0
github.com/prologic/eris/irc/server.go:855.57,857.13 2 0
github.com/prologic/eris/irc/server.go:865.55,867.34 2 1
github.com/prologic/eris/irc/server.go:875.2,875.38 1 1
github.com/prologic/eris/irc/server.go:867.34,868.64 1 0
github.com/prologic/eris/irc/server.go:872.3,872.9 1 0
github.com/prologic/eris/irc/server.go:868.64,871.4 2 0
github.com/prologic/eris/irc/server.go:875.38,877.21 2 1
github.com/prologic/eris/irc/server.go:881.3,881.24 1 1
github.com/prologic/eris/irc/server.go:877.21,879.12 2 0
github.com/prologic/eris/irc/server.go:885.57,887.55 2 0
github.com/prologic/eris/irc/server.go:892.2,892.21 1 0
github.com/prologic/eris/irc/server.go:887.55,890.3 2 0
github.com/prologic/eris/irc/server.go:895.56,899.19 3 0
github.com/prologic/eris/irc/server.go:904.2,905.20 2 0
github.com/prologic/eris/irc/server.go:911.2,911.32 1 0
github.com/prologic/eris/irc/server.go:899.19,902.3 2 0
github.com/prologic/eris/irc/server.go:905.20,909.3 3 0
github.com/prologic/eris/irc/server.go:914.54,916.55 2 0
github.com/prologic/eris/irc/server.go:920.2,920.18 1 0
github.com/prologic/eris/irc/server.go:916.55,919.3 2 0
github.com/prologic/eris/irc/server.go:923.56,931.2 6 21
github.com/prologic/eris/irc/server.go:933.57,935.29 2 0
github.com/prologic/eris/irc/server.go:940.2,940.38 1 0
github.com/prologic/eris/irc/server.go:935.29,938.3 2 0
github.com/prologic/eris/irc/server.go:943.54,945.29 2 0
github.com/prologic/eris/irc/server.go:950.2,951.19 2 0
github.com/prologic/eris/irc/server.go:956.2,957.31 2 0
github.com/prologic/eris/irc/server.go:945.29,948.3 2 0
github.com/prologic/eris/irc/server.go:951.19,954.3 2 0
github.com/prologic/eris/irc/server.go:960.56,962.41 2 0
github.com/prologic/eris/irc/server.go:962.41,964.24 2 0
github.com/prologic/eris/irc/server.go:971.3,971.34 1 0
github.com/prologic/eris/irc/server.go:964.24,966.4 1 0
github.com/prologic/eris/irc/server.go:966.9,967.35 1 0
github.com/prologic/eris/irc/server.go:967.35,969.5 1 0
github.com/prologic/eris/irc/utils.go:8.33,11.2 2 21
github.com/prologic/eris/irc/whowas.go:22.43,26.2 1 1
github.com/prologic/eris/irc/whowas.go:28.48,39.28 5 20
github.com/prologic/eris/irc/whowas.go:39.28,41.3 1 0
github.com/prologic/eris/irc/whowas.go:44.68,48.34 4 0
github.com/prologic/eris/irc/whowas.go:57.2,57.16 1 0
github.com/prologic/eris/irc/whowas.go:48.34,49.34 1 0
github.com/prologic/eris/irc/whowas.go:52.3,53.35 2 0
github.com/prologic/eris/irc/whowas.go:49.34,50.12 1 0
github.com/prologic/eris/irc/whowas.go:53.35,54.9 1 0
github.com/prologic/eris/irc/whowas.go:60.45,64.15 4 0
github.com/prologic/eris/irc/whowas.go:67.2,67.14 1 0
github.com/prologic/eris/irc/whowas.go:64.15,66.3 1 0
github.com/prologic/eris/irc/whowas.go:71.47,73.12 2 0
github.com/prologic/eris/irc/whowas.go:87.2,87.11 1 0
github.com/prologic/eris/irc/whowas.go:73.12,77.29 4 0
github.com/prologic/eris/irc/whowas.go:80.3,82.20 3 0
github.com/prologic/eris/irc/whowas.go:77.29,79.4 1 0
github.com/prologic/eris/irc/whowas.go:82.20,85.4 2 0
github.com/prologic/eris/irc/capability.go:34.46,36.2 1 0
github.com/prologic/eris/irc/capability.go:48.40,50.2 1 0
github.com/prologic/eris/irc/capability.go:62.42,65.30 3 0
github.com/prologic/eris/irc/capability.go:69.2,69.32 1 0
github.com/prologic/eris/irc/capability.go:65.30,68.3 2 0
github.com/prologic/eris/irc/capability.go:72.49,75.30 3 0
github.com/prologic/eris/irc/capability.go:79.2,79.33 1 0
github.com/prologic/eris/irc/capability.go:75.30,78.3 2 0
github.com/prologic/eris/irc/capability.go:82.56,85.24 2 0
github.com/prologic/eris/irc/capability.go:86.14,88.62 2 0
github.com/prologic/eris/irc/capability.go:90.16,91.62 1 0
github.com/prologic/eris/irc/capability.go:93.15,94.44 1 0
github.com/prologic/eris/irc/capability.go:100.3,100.44 1 0
github.com/prologic/eris/irc/capability.go:103.3,103.58 1 0
github.com/prologic/eris/irc/capability.go:105.17,108.22 3 0
github.com/prologic/eris/irc/capability.go:110.15,112.29 2 0
github.com/prologic/eris/irc/capability.go:114.10,115.42 1 0
github.com/prologic/eris/irc/capability.go:94.44,95.42 1 0
github.com/prologic/eris/irc/capability.go:95.42,98.5 2 0
github.com/prologic/eris/irc/capability.go:100.44,102.4 1 0
